The system is: Linux - 4.14.34+ - armv6l
Compiling the CXX compiler identification source file "CMakeCXXCompilerId.cpp" succeeded.
Compiler: /usr/bin/c++ 
Build flags: 
Id flags: 

The output was:
0


Compilation of the CXX compiler identification source "CMakeCXXCompilerId.cpp" produced "a.out"

The CXX compiler identification is GNU, found in "/home/pi/Desktop/opencv/build/CMakeFiles/3.7.2/CompilerIdCXX/a.out"

Compiling the C compiler identification source file "CMakeCCompilerId.c" succeeded.
Compiler: /usr/bin/cc 
Build flags: 
Id flags: 

The output was:
0


Compilation of the C compiler identification source "CMakeCCompilerId.c" produced "a.out"

The C compiler identification is GNU, found in "/home/pi/Desktop/opencv/build/CMakeFiles/3.7.2/CompilerIdC/a.out"

Determining if the CXX compiler works passed with the following output:
Change Dir: /home/pi/Desktop/opencv/build/CMakeFiles/CMakeTmp

Run Build Command:"/usr/bin/make" "cmTC_3f1bb/fast"
/usr/bin/make -f CMakeFiles/cmTC_3f1bb.dir/build.make CMakeFiles/cmTC_3f1bb.dir/build
make[1]: Entering directory '/home/pi/Desktop/opencv/build/CMakeFiles/CMakeTmp'
Building CXX object CMakeFiles/cmTC_3f1bb.dir/testCXXCompiler.cxx.o
/usr/bin/c++     -fPIE   -o CMakeFiles/cmTC_3f1bb.dir/testCXXCompiler.cxx.o -c /home/pi/Desktop/opencv/build/CMakeFiles/CMakeTmp/testCXXCompiler.cxx
Linking CXX executable cmTC_3f1bb
/usr/bin/cmake -E cmake_link_script CMakeFiles/cmTC_3f1bb.dir/link.txt --verbose=1
/usr/bin/c++        CMakeFiles/cmTC_3f1bb.dir/testCXXCompiler.cxx.o  -o cmTC_3f1bb 
make[1]: Leaving directory '/home/pi/Desktop/opencv/build/CMakeFiles/CMakeTmp'


Detecting CXX compiler ABI info compiled with the following output:
Change Dir: /home/pi/Desktop/opencv/build/CMakeFiles/CMakeTmp

Run Build Command:"/usr/bin/make" "cmTC_e05d9/fast"
/usr/bin/make -f CMakeFiles/cmTC_e05d9.dir/build.make CMakeFiles/cmTC_e05d9.dir/build
make[1]: Entering directory '/home/pi/Desktop/opencv/build/CMakeFiles/CMakeTmp'
Building CXX object CMakeFiles/cmTC_e05d9.dir/CMakeCXXCompilerABI.cpp.o
/usr/bin/c++     -fPIE   -o CMakeFiles/cmTC_e05d9.dir/CMakeCXXCompilerABI.cpp.o -c /usr/share/cmake-3.7/Modules/CMakeCXXCompilerABI.cpp
Linking CXX executable cmTC_e05d9
/usr/bin/cmake -E cmake_link_script CMakeFiles/cmTC_e05d9.dir/link.txt --verbose=1
/usr/bin/c++       -v CMakeFiles/cmTC_e05d9.dir/CMakeCXXCompilerABI.cpp.o  -o cmTC_e05d9  
Using built-in specs.
COLLECT_GCC=/usr/bin/c++
COLLECT_LTO_WRAPPER=/usr/lib/gcc/arm-linux-gnueabihf/6/lto-wrapper
Target: arm-linux-gnueabihf
Configured with: ../src/configure -v --with-pkgversion='Raspbian 6.3.0-18+rpi1+deb9u1' --with-bugurl=file:///usr/share/doc/gcc-6/README.Bugs --enable-languages=c,ada,c++,java,go,d,fortran,objc,obj-c++ --prefix=/usr --program-suffix=-6 --program-prefix=arm-linux-gnueabihf- --enable-shared --enable-linker-build-id --libexecdir=/usr/lib --without-included-gettext --enable-threads=posix --libdir=/usr/lib --enable-nls --with-sysroot=/ --enable-clocale=gnu --enable-libstdcxx-debug --enable-libstdcxx-time=yes --with-default-libstdcxx-abi=new --enable-gnu-unique-object --disable-libitm --disable-libquadmath --enable-plugin --with-system-zlib --disable-browser-plugin --enable-java-awt=gtk --enable-gtk-cairo --with-java-home=/usr/lib/jvm/java-1.5.0-gcj-6-armhf/jre --enable-java-home --with-jvm-root-dir=/usr/lib/jvm/java-1.5.0-gcj-6-armhf --with-jvm-jar-dir=/usr/lib/jvm-exports/java-1.5.0-gcj-6-armhf --with-arch-directory=arm --with-ecj-jar=/usr/share/java/eclipse-ecj.jar --with-target-system-zlib --enable-objc-gc=auto --enable-multiarch --disable-sjlj-exceptions --with-arch=armv6 --with-fpu=vfp --with-float=hard --enable-checking=release --build=arm-linux-gnueabihf --host=arm-linux-gnueabihf --target=arm-linux-gnueabihf
Thread model: posix
gcc version 6.3.0 20170516 (Raspbian 6.3.0-18+rpi1+deb9u1) 
COMPILER_PATH=/usr/lib/gcc/arm-linux-gnueabihf/6/:/usr/lib/gcc/arm-linux-gnueabihf/6/:/usr/lib/gcc/arm-linux-gnueabihf/:/usr/lib/gcc/arm-linux-gnueabihf/6/:/usr/lib/gcc/arm-linux-gnueabihf/
LIBRARY_PATH=/usr/lib/gcc/arm-linux-gnueabihf/6/:/usr/lib/gcc/arm-linux-gnueabihf/6/../../../arm-linux-gnueabihf/:/usr/lib/gcc/arm-linux-gnueabihf/6/../../../:/lib/arm-linux-gnueabihf/:/lib/:/usr/lib/arm-linux-gnueabihf/:/usr/lib/
COLLECT_GCC_OPTIONS='-v' '-o' 'cmTC_e05d9' '-shared-libgcc' '-march=armv6' '-mfloat-abi=hard' '-mfpu=vfp' '-mtls-dialect=gnu'
 /usr/lib/gcc/arm-linux-gnueabihf/6/collect2 -plugin /usr/lib/gcc/arm-linux-gnueabihf/6/liblto_plugin.so -plugin-opt=/usr/lib/gcc/arm-linux-gnueabihf/6/lto-wrapper -plugin-opt=-fresolution=/tmp/ccu6FzRc.res -plugin-opt=-pass-through=-lgcc_s -plugin-opt=-pass-through=-lgcc -plugin-opt=-pass-through=-lc -plugin-opt=-pass-through=-lgcc_s -plugin-opt=-pass-through=-lgcc --sysroot=/ --build-id --eh-frame-hdr -dynamic-linker /lib/ld-linux-armhf.so.3 -X --hash-style=gnu -m armelf_linux_eabi -o cmTC_e05d9 /usr/lib/gcc/arm-linux-gnueabihf/6/../../../arm-linux-gnueabihf/crt1.o /usr/lib/gcc/arm-linux-gnueabihf/6/../../../arm-linux-gnueabihf/crti.o /usr/lib/gcc/arm-linux-gnueabihf/6/crtbegin.o -L/usr/lib/gcc/arm-linux-gnueabihf/6 -L/usr/lib/gcc/arm-linux-gnueabihf/6/../../../arm-linux-gnueabihf -L/usr/lib/gcc/arm-linux-gnueabihf/6/../../.. -L/lib/arm-linux-gnueabihf -L/usr/lib/arm-linux-gnueabihf CMakeFiles/cmTC_e05d9.dir/CMakeCXXCompilerABI.cpp.o -lstdc++ -lm -lgcc_s -lgcc -lc -lgcc_s -lgcc /usr/lib/gcc/arm-linux-gnueabihf/6/crtend.o /usr/lib/gcc/arm-linux-gnueabihf/6/../../../arm-linux-gnueabihf/crtn.o
COLLECT_GCC_OPTIONS='-v' '-o' 'cmTC_e05d9' '-shared-libgcc' '-march=armv6' '-mfloat-abi=hard' '-mfpu=vfp' '-mtls-dialect=gnu'
make[1]: Leaving directory '/home/pi/Desktop/opencv/build/CMakeFiles/CMakeTmp'


Parsed CXX implicit link information from above output:
  link line regex: [^( *|.*[/\])(ld|([^/\]+-)?ld|collect2)[^/\]*( |$)]
  ignore line: [Change Dir: /home/pi/Desktop/opencv/build/CMakeFiles/CMakeTmp]
  ignore line: []
  ignore line: [Run Build Command:"/usr/bin/make" "cmTC_e05d9/fast"]
  ignore line: [/usr/bin/make -f CMakeFiles/cmTC_e05d9.dir/build.make CMakeFiles/cmTC_e05d9.dir/build]
  ignore line: [make[1]: Entering directory '/home/pi/Desktop/opencv/build/CMakeFiles/CMakeTmp']
  ignore line: [Building CXX object CMakeFiles/cmTC_e05d9.dir/CMakeCXXCompilerABI.cpp.o]
  ignore line: [/usr/bin/c++     -fPIE   -o CMakeFiles/cmTC_e05d9.dir/CMakeCXXCompilerABI.cpp.o -c /usr/share/cmake-3.7/Modules/CMakeCXXCompilerABI.cpp]
  ignore line: [Linking CXX executable cmTC_e05d9]
  ignore line: [/usr/bin/cmake -E cmake_link_script CMakeFiles/cmTC_e05d9.dir/link.txt --verbose=1]
  ignore line: [/usr/bin/c++       -v CMakeFiles/cmTC_e05d9.dir/CMakeCXXCompilerABI.cpp.o  -o cmTC_e05d9  ]
  ignore line: [Using built-in specs.]
  ignore line: [COLLECT_GCC=/usr/bin/c++]
  ignore line: [COLLECT_LTO_WRAPPER=/usr/lib/gcc/arm-linux-gnueabihf/6/lto-wrapper]
  ignore line: [Target: arm-linux-gnueabihf]
  ignore line: [Configured with: ../src/configure -v --with-pkgversion='Raspbian 6.3.0-18+rpi1+deb9u1' --with-bugurl=file:///usr/share/doc/gcc-6/README.Bugs --enable-languages=c,ada,c++,java,go,d,fortran,objc,obj-c++ --prefix=/usr --program-suffix=-6 --program-prefix=arm-linux-gnueabihf- --enable-shared --enable-linker-build-id --libexecdir=/usr/lib --without-included-gettext --enable-threads=posix --libdir=/usr/lib --enable-nls --with-sysroot=/ --enable-clocale=gnu --enable-libstdcxx-debug --enable-libstdcxx-time=yes --with-default-libstdcxx-abi=new --enable-gnu-unique-object --disable-libitm --disable-libquadmath --enable-plugin --with-system-zlib --disable-browser-plugin --enable-java-awt=gtk --enable-gtk-cairo --with-java-home=/usr/lib/jvm/java-1.5.0-gcj-6-armhf/jre --enable-java-home --with-jvm-root-dir=/usr/lib/jvm/java-1.5.0-gcj-6-armhf --with-jvm-jar-dir=/usr/lib/jvm-exports/java-1.5.0-gcj-6-armhf --with-arch-directory=arm --with-ecj-jar=/usr/share/java/eclipse-ecj.jar --with-target-system-zlib --enable-objc-gc=auto --enable-multiarch --disable-sjlj-exceptions --with-arch=armv6 --with-fpu=vfp --with-float=hard --enable-checking=release --build=arm-linux-gnueabihf --host=arm-linux-gnueabihf --target=arm-linux-gnueabihf]
  ignore line: [Thread model: posix]
  ignore line: [gcc version 6.3.0 20170516 (Raspbian 6.3.0-18+rpi1+deb9u1) ]
  ignore line: [COMPILER_PATH=/usr/lib/gcc/arm-linux-gnueabihf/6/:/usr/lib/gcc/arm-linux-gnueabihf/6/:/usr/lib/gcc/arm-linux-gnueabihf/:/usr/lib/gcc/arm-linux-gnueabihf/6/:/usr/lib/gcc/arm-linux-gnueabihf/]
  ignore line: [LIBRARY_PATH=/usr/lib/gcc/arm-linux-gnueabihf/6/:/usr/lib/gcc/arm-linux-gnueabihf/6/../../../arm-linux-gnueabihf/:/usr/lib/gcc/arm-linux-gnueabihf/6/../../../:/lib/arm-linux-gnueabihf/:/lib/:/usr/lib/arm-linux-gnueabihf/:/usr/lib/]
  ignore line: [COLLECT_GCC_OPTIONS='-v' '-o' 'cmTC_e05d9' '-shared-libgcc' '-march=armv6' '-mfloat-abi=hard' '-mfpu=vfp' '-mtls-dialect=gnu']
  link line: [ /usr/lib/gcc/arm-linux-gnueabihf/6/collect2 -plugin /usr/lib/gcc/arm-linux-gnueabihf/6/liblto_plugin.so -plugin-opt=/usr/lib/gcc/arm-linux-gnueabihf/6/lto-wrapper -plugin-opt=-fresolution=/tmp/ccu6FzRc.res -plugin-opt=-pass-through=-lgcc_s -plugin-opt=-pass-through=-lgcc -plugin-opt=-pass-through=-lc -plugin-opt=-pass-through=-lgcc_s -plugin-opt=-pass-through=-lgcc --sysroot=/ --build-id --eh-frame-hdr -dynamic-linker /lib/ld-linux-armhf.so.3 -X --hash-style=gnu -m armelf_linux_eabi -o cmTC_e05d9 /usr/lib/gcc/arm-linux-gnueabihf/6/../../../arm-linux-gnueabihf/crt1.o /usr/lib/gcc/arm-linux-gnueabihf/6/../../../arm-linux-gnueabihf/crti.o /usr/lib/gcc/arm-linux-gnueabihf/6/crtbegin.o -L/usr/lib/gcc/arm-linux-gnueabihf/6 -L/usr/lib/gcc/arm-linux-gnueabihf/6/../../../arm-linux-gnueabihf -L/usr/lib/gcc/arm-linux-gnueabihf/6/../../.. -L/lib/arm-linux-gnueabihf -L/usr/lib/arm-linux-gnueabihf CMakeFiles/cmTC_e05d9.dir/CMakeCXXCompilerABI.cpp.o -lstdc++ -lm -lgcc_s -lgcc -lc -lgcc_s -lgcc /usr/lib/gcc/arm-linux-gnueabihf/6/crtend.o /usr/lib/gcc/arm-linux-gnueabihf/6/../../../arm-linux-gnueabihf/crtn.o]
    arg [/usr/lib/gcc/arm-linux-gnueabihf/6/collect2] ==> ignore
    arg [-plugin] ==> ignore
    arg [/usr/lib/gcc/arm-linux-gnueabihf/6/liblto_plugin.so] ==> ignore
    arg [-plugin-opt=/usr/lib/gcc/arm-linux-gnueabihf/6/lto-wrapper] ==> ignore
    arg [-plugin-opt=-fresolution=/tmp/ccu6FzRc.res] ==> ignore
    arg [-plugin-opt=-pass-through=-lgcc_s] ==> ignore
    arg [-plugin-opt=-pass-through=-lgcc] ==> ignore
    arg [-plugin-opt=-pass-through=-lc] ==> ignore
    arg [-plugin-opt=-pass-through=-lgcc_s] ==> ignore
    arg [-plugin-opt=-pass-through=-lgcc] ==> ignore
    arg [--sysroot=/] ==> ignore
    arg [--build-id] ==> ignore
    arg [--eh-frame-hdr] ==> ignore
    arg [-dynamic-linker] ==> ignore
    arg [/lib/ld-linux-armhf.so.3] ==> ignore
    arg [-X] ==> ignore
    arg [--hash-style=gnu] ==> ignore
    arg [-m] ==> ignore
    arg [armelf_linux_eabi] ==> ignore
    arg [-o] ==> ignore
    arg [cmTC_e05d9] ==> ignore
    arg [/usr/lib/gcc/arm-linux-gnueabihf/6/../../../arm-linux-gnueabihf/crt1.o] ==> ignore
    arg [/usr/lib/gcc/arm-linux-gnueabihf/6/../../../arm-linux-gnueabihf/crti.o] ==> ignore
    arg [/usr/lib/gcc/arm-linux-gnueabihf/6/crtbegin.o] ==> ignore
    arg [-L/usr/lib/gcc/arm-linux-gnueabihf/6] ==> dir [/usr/lib/gcc/arm-linux-gnueabihf/6]
    arg [-L/usr/lib/gcc/arm-linux-gnueabihf/6/../../../arm-linux-gnueabihf] ==> dir [/usr/lib/gcc/arm-linux-gnueabihf/6/../../../arm-linux-gnueabihf]
    arg [-L/usr/lib/gcc/arm-linux-gnueabihf/6/../../..] ==> dir [/usr/lib/gcc/arm-linux-gnueabihf/6/../../..]
    arg [-L/lib/arm-linux-gnueabihf] ==> dir [/lib/arm-linux-gnueabihf]
    arg [-L/usr/lib/arm-linux-gnueabihf] ==> dir [/usr/lib/arm-linux-gnueabihf]
    arg [CMakeFiles/cmTC_e05d9.dir/CMakeCXXCompilerABI.cpp.o] ==> ignore
    arg [-lstdc++] ==> lib [stdc++]
    arg [-lm] ==> lib [m]
    arg [-lgcc_s] ==> lib [gcc_s]
    arg [-lgcc] ==> lib [gcc]
    arg [-lc] ==> lib [c]
    arg [-lgcc_s] ==> lib [gcc_s]
    arg [-lgcc] ==> lib [gcc]
    arg [/usr/lib/gcc/arm-linux-gnueabihf/6/crtend.o] ==> ignore
    arg [/usr/lib/gcc/arm-linux-gnueabihf/6/../../../arm-linux-gnueabihf/crtn.o] ==> ignore
  remove lib [gcc_s]
  remove lib [gcc]
  remove lib [gcc_s]
  remove lib [gcc]
  collapse library dir [/usr/lib/gcc/arm-linux-gnueabihf/6] ==> [/usr/lib/gcc/arm-linux-gnueabihf/6]
  collapse library dir [/usr/lib/gcc/arm-linux-gnueabihf/6/../../../arm-linux-gnueabihf] ==> [/usr/lib/arm-linux-gnueabihf]
  collapse library dir [/usr/lib/gcc/arm-linux-gnueabihf/6/../../..] ==> [/usr/lib]
  collapse library dir [/lib/arm-linux-gnueabihf] ==> [/lib/arm-linux-gnueabihf]
  collapse library dir [/usr/lib/arm-linux-gnueabihf] ==> [/usr/lib/arm-linux-gnueabihf]
  implicit libs: [stdc++;m;c]
  implicit dirs: [/usr/lib/gcc/arm-linux-gnueabihf/6;/usr/lib/arm-linux-gnueabihf;/usr/lib;/lib/arm-linux-gnueabihf]
  implicit fwks: []




Detecting CXX [-std=c++14] compiler features compiled with the following output:
Change Dir: /home/pi/Desktop/opencv/build/CMakeFiles/CMakeTmp

Run Build Command:"/usr/bin/make" "cmTC_d4ff4/fast"
/usr/bin/make -f CMakeFiles/cmTC_d4ff4.dir/build.make CMakeFiles/cmTC_d4ff4.dir/build
make[1]: Entering directory '/home/pi/Desktop/opencv/build/CMakeFiles/CMakeTmp'
Building CXX object CMakeFiles/cmTC_d4ff4.dir/feature_tests.cxx.o
/usr/bin/c++     -fPIE   -std=c++14 -o CMakeFiles/cmTC_d4ff4.dir/feature_tests.cxx.o -c /home/pi/Desktop/opencv/build/CMakeFiles/feature_tests.cxx
Linking CXX executable cmTC_d4ff4
/usr/bin/cmake -E cmake_link_script CMakeFiles/cmTC_d4ff4.dir/link.txt --verbose=1
/usr/bin/c++        CMakeFiles/cmTC_d4ff4.dir/feature_tests.cxx.o  -o cmTC_d4ff4 
make[1]: Leaving directory '/home/pi/Desktop/opencv/build/CMakeFiles/CMakeTmp'


    Feature record: CXX_FEATURE:1cxx_aggregate_default_initializers
    Feature record: CXX_FEATURE:1cxx_alias_templates
    Feature record: CXX_FEATURE:1cxx_alignas
    Feature record: CXX_FEATURE:1cxx_alignof
    Feature record: CXX_FEATURE:1cxx_attributes
    Feature record: CXX_FEATURE:1cxx_attribute_deprecated
    Feature record: CXX_FEATURE:1cxx_auto_type
    Feature record: CXX_FEATURE:1cxx_binary_literals
    Feature record: CXX_FEATURE:1cxx_constexpr
    Feature record: CXX_FEATURE:1cxx_contextual_conversions
    Feature record: CXX_FEATURE:1cxx_decltype
    Feature record: CXX_FEATURE:1cxx_decltype_auto
    Feature record: CXX_FEATURE:1cxx_decltype_incomplete_return_types
    Feature record: CXX_FEATURE:1cxx_default_function_template_args
    Feature record: CXX_FEATURE:1cxx_defaulted_functions
    Feature record: CXX_FEATURE:1cxx_defaulted_move_initializers
    Feature record: CXX_FEATURE:1cxx_delegating_constructors
    Feature record: CXX_FEATURE:1cxx_deleted_functions
    Feature record: CXX_FEATURE:1cxx_digit_separators
    Feature record: CXX_FEATURE:1cxx_enum_forward_declarations
    Feature record: CXX_FEATURE:1cxx_explicit_conversions
    Feature record: CXX_FEATURE:1cxx_extended_friend_declarations
    Feature record: CXX_FEATURE:1cxx_extern_templates
    Feature record: CXX_FEATURE:1cxx_final
    Feature record: CXX_FEATURE:1cxx_func_identifier
    Feature record: CXX_FEATURE:1cxx_generalized_initializers
    Feature record: CXX_FEATURE:1cxx_generic_lambdas
    Feature record: CXX_FEATURE:1cxx_inheriting_constructors
    Feature record: CXX_FEATURE:1cxx_inline_namespaces
    Feature record: CXX_FEATURE:1cxx_lambdas
    Feature record: CXX_FEATURE:1cxx_lambda_init_captures
    Feature record: CXX_FEATURE:1cxx_local_type_template_args
    Feature record: CXX_FEATURE:1cxx_long_long_type
    Feature record: CXX_FEATURE:1cxx_noexcept
    Feature record: CXX_FEATURE:1cxx_nonstatic_member_init
    Feature record: CXX_FEATURE:1cxx_nullptr
    Feature record: CXX_FEATURE:1cxx_override
    Feature record: CXX_FEATURE:1cxx_range_for
    Feature record: CXX_FEATURE:1cxx_raw_string_literals
    Feature record: CXX_FEATURE:1cxx_reference_qualified_functions
    Feature record: CXX_FEATURE:1cxx_relaxed_constexpr
    Feature record: CXX_FEATURE:1cxx_return_type_deduction
    Feature record: CXX_FEATURE:1cxx_right_angle_brackets
    Feature record: CXX_FEATURE:1cxx_rvalue_references
    Feature record: CXX_FEATURE:1cxx_sizeof_member
    Feature record: CXX_FEATURE:1cxx_static_assert
    Feature record: CXX_FEATURE:1cxx_strong_enums
    Feature record: CXX_FEATURE:1cxx_template_template_parameters
    Feature record: CXX_FEATURE:1cxx_thread_local
    Feature record: CXX_FEATURE:1cxx_trailing_return_types
    Feature record: CXX_FEATURE:1cxx_unicode_literals
    Feature record: CXX_FEATURE:1cxx_uniform_initialization
    Feature record: CXX_FEATURE:1cxx_unrestricted_unions
    Feature record: CXX_FEATURE:1cxx_user_literals
    Feature record: CXX_FEATURE:1cxx_variable_templates
    Feature record: CXX_FEATURE:1cxx_variadic_macros
    Feature record: CXX_FEATURE:1cxx_variadic_templates


Detecting CXX [-std=c++11] compiler features compiled with the following output:
Change Dir: /home/pi/Desktop/opencv/build/CMakeFiles/CMakeTmp

Run Build Command:"/usr/bin/make" "cmTC_33a7f/fast"
/usr/bin/make -f CMakeFiles/cmTC_33a7f.dir/build.make CMakeFiles/cmTC_33a7f.dir/build
make[1]: Entering directory '/home/pi/Desktop/opencv/build/CMakeFiles/CMakeTmp'
Building CXX object CMakeFiles/cmTC_33a7f.dir/feature_tests.cxx.o
/usr/bin/c++     -fPIE   -std=c++11 -o CMakeFiles/cmTC_33a7f.dir/feature_tests.cxx.o -c /home/pi/Desktop/opencv/build/CMakeFiles/feature_tests.cxx
Linking CXX executable cmTC_33a7f
/usr/bin/cmake -E cmake_link_script CMakeFiles/cmTC_33a7f.dir/link.txt --verbose=1
/usr/bin/c++        CMakeFiles/cmTC_33a7f.dir/feature_tests.cxx.o  -o cmTC_33a7f 
make[1]: Leaving directory '/home/pi/Desktop/opencv/build/CMakeFiles/CMakeTmp'


    Feature record: CXX_FEATURE:0cxx_aggregate_default_initializers
    Feature record: CXX_FEATURE:1cxx_alias_templates
    Feature record: CXX_FEATURE:1cxx_alignas
    Feature record: CXX_FEATURE:1cxx_alignof
    Feature record: CXX_FEATURE:1cxx_attributes
    Feature record: CXX_FEATURE:0cxx_attribute_deprecated
    Feature record: CXX_FEATURE:1cxx_auto_type
    Feature record: CXX_FEATURE:0cxx_binary_literals
    Feature record: CXX_FEATURE:1cxx_constexpr
    Feature record: CXX_FEATURE:0cxx_contextual_conversions
    Feature record: CXX_FEATURE:1cxx_decltype
    Feature record: CXX_FEATURE:0cxx_decltype_auto
    Feature record: CXX_FEATURE:1cxx_decltype_incomplete_return_types
    Feature record: CXX_FEATURE:1cxx_default_function_template_args
    Feature record: CXX_FEATURE:1cxx_defaulted_functions
    Feature record: CXX_FEATURE:1cxx_defaulted_move_initializers
    Feature record: CXX_FEATURE:1cxx_delegating_constructors
    Feature record: CXX_FEATURE:1cxx_deleted_functions
    Feature record: CXX_FEATURE:0cxx_digit_separators
    Feature record: CXX_FEATURE:1cxx_enum_forward_declarations
    Feature record: CXX_FEATURE:1cxx_explicit_conversions
    Feature record: CXX_FEATURE:1cxx_extended_friend_declarations
    Feature record: CXX_FEATURE:1cxx_extern_templates
    Feature record: CXX_FEATURE:1cxx_final
    Feature record: CXX_FEATURE:1cxx_func_identifier
    Feature record: CXX_FEATURE:1cxx_generalized_initializers
    Feature record: CXX_FEATURE:0cxx_generic_lambdas
    Feature record: CXX_FEATURE:1cxx_inheriting_constructors
    Feature record: CXX_FEATURE:1cxx_inline_namespaces
    Feature record: CXX_FEATURE:1cxx_lambdas
    Feature record: CXX_FEATURE:0cxx_lambda_init_captures
    Feature record: CXX_FEATURE:1cxx_local_type_template_args
    Feature record: CXX_FEATURE:1cxx_long_long_type
    Feature record: CXX_FEATURE:1cxx_noexcept
    Feature record: CXX_FEATURE:1cxx_nonstatic_member_init
    Feature record: CXX_FEATURE:1cxx_nullptr
    Feature record: CXX_FEATURE:1cxx_override
    Feature record: CXX_FEATURE:1cxx_range_for
    Feature record: CXX_FEATURE:1cxx_raw_string_literals
    Feature record: CXX_FEATURE:1cxx_reference_qualified_functions
    Feature record: CXX_FEATURE:0cxx_relaxed_constexpr
    Feature record: CXX_FEATURE:0cxx_return_type_deduction
    Feature record: CXX_FEATURE:1cxx_right_angle_brackets
    Feature record: CXX_FEATURE:1cxx_rvalue_references
    Feature record: CXX_FEATURE:1cxx_sizeof_member
    Feature record: CXX_FEATURE:1cxx_static_assert
    Feature record: CXX_FEATURE:1cxx_strong_enums
    Feature record: CXX_FEATURE:1cxx_template_template_parameters
    Feature record: CXX_FEATURE:1cxx_thread_local
    Feature record: CXX_FEATURE:1cxx_trailing_return_types
    Feature record: CXX_FEATURE:1cxx_unicode_literals
    Feature record: CXX_FEATURE:1cxx_uniform_initialization
    Feature record: CXX_FEATURE:1cxx_unrestricted_unions
    Feature record: CXX_FEATURE:1cxx_user_literals
    Feature record: CXX_FEATURE:0cxx_variable_templates
    Feature record: CXX_FEATURE:1cxx_variadic_macros
    Feature record: CXX_FEATURE:1cxx_variadic_templates


Detecting CXX [-std=c++98] compiler features compiled with the following output:
Change Dir: /home/pi/Desktop/opencv/build/CMakeFiles/CMakeTmp

Run Build Command:"/usr/bin/make" "cmTC_e8d03/fast"
/usr/bin/make -f CMakeFiles/cmTC_e8d03.dir/build.make CMakeFiles/cmTC_e8d03.dir/build
make[1]: Entering directory '/home/pi/Desktop/opencv/build/CMakeFiles/CMakeTmp'
Building CXX object CMakeFiles/cmTC_e8d03.dir/feature_tests.cxx.o
/usr/bin/c++     -fPIE   -std=c++98 -o CMakeFiles/cmTC_e8d03.dir/feature_tests.cxx.o -c /home/pi/Desktop/opencv/build/CMakeFiles/feature_tests.cxx
Linking CXX executable cmTC_e8d03
/usr/bin/cmake -E cmake_link_script CMakeFiles/cmTC_e8d03.dir/link.txt --verbose=1
/usr/bin/c++        CMakeFiles/cmTC_e8d03.dir/feature_tests.cxx.o  -o cmTC_e8d03 
make[1]: Leaving directory '/home/pi/Desktop/opencv/build/CMakeFiles/CMakeTmp'


    Feature record: CXX_FEATURE:0cxx_aggregate_default_initializers
    Feature record: CXX_FEATURE:0cxx_alias_templates
    Feature record: CXX_FEATURE:0cxx_alignas
    Feature record: CXX_FEATURE:0cxx_alignof
    Feature record: CXX_FEATURE:0cxx_attributes
    Feature record: CXX_FEATURE:0cxx_attribute_deprecated
    Feature record: CXX_FEATURE:0cxx_auto_type
    Feature record: CXX_FEATURE:0cxx_binary_literals
    Feature record: CXX_FEATURE:0cxx_constexpr
    Feature record: CXX_FEATURE:0cxx_contextual_conversions
    Feature record: CXX_FEATURE:0cxx_decltype
    Feature record: CXX_FEATURE:0cxx_decltype_auto
    Feature record: CXX_FEATURE:0cxx_decltype_incomplete_return_types
    Feature record: CXX_FEATURE:0cxx_default_function_template_args
    Feature record: CXX_FEATURE:0cxx_defaulted_functions
    Feature record: CXX_FEATURE:0cxx_defaulted_move_initializers
    Feature record: CXX_FEATURE:0cxx_delegating_constructors
    Feature record: CXX_FEATURE:0cxx_deleted_functions
    Feature record: CXX_FEATURE:0cxx_digit_separators
    Feature record: CXX_FEATURE:0cxx_enum_forward_declarations
    Feature record: CXX_FEATURE:0cxx_explicit_conversions
    Feature record: CXX_FEATURE:0cxx_extended_friend_declarations
    Feature record: CXX_FEATURE:0cxx_extern_templates
    Feature record: CXX_FEATURE:0cxx_final
    Feature record: CXX_FEATURE:0cxx_func_identifier
    Feature record: CXX_FEATURE:0cxx_generalized_initializers
    Feature record: CXX_FEATURE:0cxx_generic_lambdas
    Feature record: CXX_FEATURE:0cxx_inheriting_constructors
    Feature record: CXX_FEATURE:0cxx_inline_namespaces
    Feature record: CXX_FEATURE:0cxx_lambdas
    Feature record: CXX_FEATURE:0cxx_lambda_init_captures
    Feature record: CXX_FEATURE:0cxx_local_type_template_args
    Feature record: CXX_FEATURE:0cxx_long_long_type
    Feature record: CXX_FEATURE:0cxx_noexcept
    Feature record: CXX_FEATURE:0cxx_nonstatic_member_init
    Feature record: CXX_FEATURE:0cxx_nullptr
    Feature record: CXX_FEATURE:0cxx_override
    Feature record: CXX_FEATURE:0cxx_range_for
    Feature record: CXX_FEATURE:0cxx_raw_string_literals
    Feature record: CXX_FEATURE:0cxx_reference_qualified_functions
    Feature record: CXX_FEATURE:0cxx_relaxed_constexpr
    Feature record: CXX_FEATURE:0cxx_return_type_deduction
    Feature record: CXX_FEATURE:0cxx_right_angle_brackets
    Feature record: CXX_FEATURE:0cxx_rvalue_references
    Feature record: CXX_FEATURE:0cxx_sizeof_member
    Feature record: CXX_FEATURE:0cxx_static_assert
    Feature record: CXX_FEATURE:0cxx_strong_enums
    Feature record: CXX_FEATURE:1cxx_template_template_parameters
    Feature record: CXX_FEATURE:0cxx_thread_local
    Feature record: CXX_FEATURE:0cxx_trailing_return_types
    Feature record: CXX_FEATURE:0cxx_unicode_literals
    Feature record: CXX_FEATURE:0cxx_uniform_initialization
    Feature record: CXX_FEATURE:0cxx_unrestricted_unions
    Feature record: CXX_FEATURE:0cxx_user_literals
    Feature record: CXX_FEATURE:0cxx_variable_templates
    Feature record: CXX_FEATURE:0cxx_variadic_macros
    Feature record: CXX_FEATURE:0cxx_variadic_templates
Determining if the C compiler works passed with the following output:
Change Dir: /home/pi/Desktop/opencv/build/CMakeFiles/CMakeTmp

Run Build Command:"/usr/bin/make" "cmTC_cfd31/fast"
/usr/bin/make -f CMakeFiles/cmTC_cfd31.dir/build.make CMakeFiles/cmTC_cfd31.dir/build
make[1]: Entering directory '/home/pi/Desktop/opencv/build/CMakeFiles/CMakeTmp'
Building C object CMakeFiles/cmTC_cfd31.dir/testCCompiler.c.o
/usr/bin/cc    -fPIE   -o CMakeFiles/cmTC_cfd31.dir/testCCompiler.c.o   -c /home/pi/Desktop/opencv/build/CMakeFiles/CMakeTmp/testCCompiler.c
Linking C executable cmTC_cfd31
/usr/bin/cmake -E cmake_link_script CMakeFiles/cmTC_cfd31.dir/link.txt --verbose=1
/usr/bin/cc       CMakeFiles/cmTC_cfd31.dir/testCCompiler.c.o  -o cmTC_cfd31 
make[1]: Leaving directory '/home/pi/Desktop/opencv/build/CMakeFiles/CMakeTmp'


Detecting C compiler ABI info compiled with the following output:
Change Dir: /home/pi/Desktop/opencv/build/CMakeFiles/CMakeTmp

Run Build Command:"/usr/bin/make" "cmTC_0db8e/fast"
/usr/bin/make -f CMakeFiles/cmTC_0db8e.dir/build.make CMakeFiles/cmTC_0db8e.dir/build
make[1]: Entering directory '/home/pi/Desktop/opencv/build/CMakeFiles/CMakeTmp'
Building C object CMakeFiles/cmTC_0db8e.dir/CMakeCCompilerABI.c.o
/usr/bin/cc    -fPIE   -o CMakeFiles/cmTC_0db8e.dir/CMakeCCompilerABI.c.o   -c /usr/share/cmake-3.7/Modules/CMakeCCompilerABI.c
Linking C executable cmTC_0db8e
/usr/bin/cmake -E cmake_link_script CMakeFiles/cmTC_0db8e.dir/link.txt --verbose=1
/usr/bin/cc      -v CMakeFiles/cmTC_0db8e.dir/CMakeCCompilerABI.c.o  -o cmTC_0db8e  
Using built-in specs.
COLLECT_GCC=/usr/bin/cc
COLLECT_LTO_WRAPPER=/usr/lib/gcc/arm-linux-gnueabihf/6/lto-wrapper
Target: arm-linux-gnueabihf
Configured with: ../src/configure -v --with-pkgversion='Raspbian 6.3.0-18+rpi1+deb9u1' --with-bugurl=file:///usr/share/doc/gcc-6/README.Bugs --enable-languages=c,ada,c++,java,go,d,fortran,objc,obj-c++ --prefix=/usr --program-suffix=-6 --program-prefix=arm-linux-gnueabihf- --enable-shared --enable-linker-build-id --libexecdir=/usr/lib --without-included-gettext --enable-threads=posix --libdir=/usr/lib --enable-nls --with-sysroot=/ --enable-clocale=gnu --enable-libstdcxx-debug --enable-libstdcxx-time=yes --with-default-libstdcxx-abi=new --enable-gnu-unique-object --disable-libitm --disable-libquadmath --enable-plugin --with-system-zlib --disable-browser-plugin --enable-java-awt=gtk --enable-gtk-cairo --with-java-home=/usr/lib/jvm/java-1.5.0-gcj-6-armhf/jre --enable-java-home --with-jvm-root-dir=/usr/lib/jvm/java-1.5.0-gcj-6-armhf --with-jvm-jar-dir=/usr/lib/jvm-exports/java-1.5.0-gcj-6-armhf --with-arch-directory=arm --with-ecj-jar=/usr/share/java/eclipse-ecj.jar --with-target-system-zlib --enable-objc-gc=auto --enable-multiarch --disable-sjlj-exceptions --with-arch=armv6 --with-fpu=vfp --with-float=hard --enable-checking=release --build=arm-linux-gnueabihf --host=arm-linux-gnueabihf --target=arm-linux-gnueabihf
Thread model: posix
gcc version 6.3.0 20170516 (Raspbian 6.3.0-18+rpi1+deb9u1) 
COMPILER_PATH=/usr/lib/gcc/arm-linux-gnueabihf/6/:/usr/lib/gcc/arm-linux-gnueabihf/6/:/usr/lib/gcc/arm-linux-gnueabihf/:/usr/lib/gcc/arm-linux-gnueabihf/6/:/usr/lib/gcc/arm-linux-gnueabihf/
LIBRARY_PATH=/usr/lib/gcc/arm-linux-gnueabihf/6/:/usr/lib/gcc/arm-linux-gnueabihf/6/../../../arm-linux-gnueabihf/:/usr/lib/gcc/arm-linux-gnueabihf/6/../../../:/lib/arm-linux-gnueabihf/:/lib/:/usr/lib/arm-linux-gnueabihf/:/usr/lib/
COLLECT_GCC_OPTIONS='-v' '-o' 'cmTC_0db8e' '-march=armv6' '-mfloat-abi=hard' '-mfpu=vfp' '-mtls-dialect=gnu'
 /usr/lib/gcc/arm-linux-gnueabihf/6/collect2 -plugin /usr/lib/gcc/arm-linux-gnueabihf/6/liblto_plugin.so -plugin-opt=/usr/lib/gcc/arm-linux-gnueabihf/6/lto-wrapper -plugin-opt=-fresolution=/tmp/ccaLhNbP.res -plugin-opt=-pass-through=-lgcc -plugin-opt=-pass-through=-lgcc_s -plugin-opt=-pass-through=-lc -plugin-opt=-pass-through=-lgcc -plugin-opt=-pass-through=-lgcc_s --sysroot=/ --build-id --eh-frame-hdr -dynamic-linker /lib/ld-linux-armhf.so.3 -X --hash-style=gnu -m armelf_linux_eabi -o cmTC_0db8e /usr/lib/gcc/arm-linux-gnueabihf/6/../../../arm-linux-gnueabihf/crt1.o /usr/lib/gcc/arm-linux-gnueabihf/6/../../../arm-linux-gnueabihf/crti.o /usr/lib/gcc/arm-linux-gnueabihf/6/crtbegin.o -L/usr/lib/gcc/arm-linux-gnueabihf/6 -L/usr/lib/gcc/arm-linux-gnueabihf/6/../../../arm-linux-gnueabihf -L/usr/lib/gcc/arm-linux-gnueabihf/6/../../.. -L/lib/arm-linux-gnueabihf -L/usr/lib/arm-linux-gnueabihf CMakeFiles/cmTC_0db8e.dir/CMakeCCompilerABI.c.o -lgcc --as-needed -lgcc_s --no-as-needed -lc -lgcc --as-needed -lgcc_s --no-as-needed /usr/lib/gcc/arm-linux-gnueabihf/6/crtend.o /usr/lib/gcc/arm-linux-gnueabihf/6/../../../arm-linux-gnueabihf/crtn.o
COLLECT_GCC_OPTIONS='-v' '-o' 'cmTC_0db8e' '-march=armv6' '-mfloat-abi=hard' '-mfpu=vfp' '-mtls-dialect=gnu'
make[1]: Leaving directory '/home/pi/Desktop/opencv/build/CMakeFiles/CMakeTmp'


Parsed C implicit link information from above output:
  link line regex: [^( *|.*[/\])(ld|([^/\]+-)?ld|collect2)[^/\]*( |$)]
  ignore line: [Change Dir: /home/pi/Desktop/opencv/build/CMakeFiles/CMakeTmp]
  ignore line: []
  ignore line: [Run Build Command:"/usr/bin/make" "cmTC_0db8e/fast"]
  ignore line: [/usr/bin/make -f CMakeFiles/cmTC_0db8e.dir/build.make CMakeFiles/cmTC_0db8e.dir/build]
  ignore line: [make[1]: Entering directory '/home/pi/Desktop/opencv/build/CMakeFiles/CMakeTmp']
  ignore line: [Building C object CMakeFiles/cmTC_0db8e.dir/CMakeCCompilerABI.c.o]
  ignore line: [/usr/bin/cc    -fPIE   -o CMakeFiles/cmTC_0db8e.dir/CMakeCCompilerABI.c.o   -c /usr/share/cmake-3.7/Modules/CMakeCCompilerABI.c]
  ignore line: [Linking C executable cmTC_0db8e]
  ignore line: [/usr/bin/cmake -E cmake_link_script CMakeFiles/cmTC_0db8e.dir/link.txt --verbose=1]
  ignore line: [/usr/bin/cc      -v CMakeFiles/cmTC_0db8e.dir/CMakeCCompilerABI.c.o  -o cmTC_0db8e  ]
  ignore line: [Using built-in specs.]
  ignore line: [COLLECT_GCC=/usr/bin/cc]
  ignore line: [COLLECT_LTO_WRAPPER=/usr/lib/gcc/arm-linux-gnueabihf/6/lto-wrapper]
  ignore line: [Target: arm-linux-gnueabihf]
  ignore line: [Configured with: ../src/configure -v --with-pkgversion='Raspbian 6.3.0-18+rpi1+deb9u1' --with-bugurl=file:///usr/share/doc/gcc-6/README.Bugs --enable-languages=c,ada,c++,java,go,d,fortran,objc,obj-c++ --prefix=/usr --program-suffix=-6 --program-prefix=arm-linux-gnueabihf- --enable-shared --enable-linker-build-id --libexecdir=/usr/lib --without-included-gettext --enable-threads=posix --libdir=/usr/lib --enable-nls --with-sysroot=/ --enable-clocale=gnu --enable-libstdcxx-debug --enable-libstdcxx-time=yes --with-default-libstdcxx-abi=new --enable-gnu-unique-object --disable-libitm --disable-libquadmath --enable-plugin --with-system-zlib --disable-browser-plugin --enable-java-awt=gtk --enable-gtk-cairo --with-java-home=/usr/lib/jvm/java-1.5.0-gcj-6-armhf/jre --enable-java-home --with-jvm-root-dir=/usr/lib/jvm/java-1.5.0-gcj-6-armhf --with-jvm-jar-dir=/usr/lib/jvm-exports/java-1.5.0-gcj-6-armhf --with-arch-directory=arm --with-ecj-jar=/usr/share/java/eclipse-ecj.jar --with-target-system-zlib --enable-objc-gc=auto --enable-multiarch --disable-sjlj-exceptions --with-arch=armv6 --with-fpu=vfp --with-float=hard --enable-checking=release --build=arm-linux-gnueabihf --host=arm-linux-gnueabihf --target=arm-linux-gnueabihf]
  ignore line: [Thread model: posix]
  ignore line: [gcc version 6.3.0 20170516 (Raspbian 6.3.0-18+rpi1+deb9u1) ]
  ignore line: [COMPILER_PATH=/usr/lib/gcc/arm-linux-gnueabihf/6/:/usr/lib/gcc/arm-linux-gnueabihf/6/:/usr/lib/gcc/arm-linux-gnueabihf/:/usr/lib/gcc/arm-linux-gnueabihf/6/:/usr/lib/gcc/arm-linux-gnueabihf/]
  ignore line: [LIBRARY_PATH=/usr/lib/gcc/arm-linux-gnueabihf/6/:/usr/lib/gcc/arm-linux-gnueabihf/6/../../../arm-linux-gnueabihf/:/usr/lib/gcc/arm-linux-gnueabihf/6/../../../:/lib/arm-linux-gnueabihf/:/lib/:/usr/lib/arm-linux-gnueabihf/:/usr/lib/]
  ignore line: [COLLECT_GCC_OPTIONS='-v' '-o' 'cmTC_0db8e' '-march=armv6' '-mfloat-abi=hard' '-mfpu=vfp' '-mtls-dialect=gnu']
  link line: [ /usr/lib/gcc/arm-linux-gnueabihf/6/collect2 -plugin /usr/lib/gcc/arm-linux-gnueabihf/6/liblto_plugin.so -plugin-opt=/usr/lib/gcc/arm-linux-gnueabihf/6/lto-wrapper -plugin-opt=-fresolution=/tmp/ccaLhNbP.res -plugin-opt=-pass-through=-lgcc -plugin-opt=-pass-through=-lgcc_s -plugin-opt=-pass-through=-lc -plugin-opt=-pass-through=-lgcc -plugin-opt=-pass-through=-lgcc_s --sysroot=/ --build-id --eh-frame-hdr -dynamic-linker /lib/ld-linux-armhf.so.3 -X --hash-style=gnu -m armelf_linux_eabi -o cmTC_0db8e /usr/lib/gcc/arm-linux-gnueabihf/6/../../../arm-linux-gnueabihf/crt1.o /usr/lib/gcc/arm-linux-gnueabihf/6/../../../arm-linux-gnueabihf/crti.o /usr/lib/gcc/arm-linux-gnueabihf/6/crtbegin.o -L/usr/lib/gcc/arm-linux-gnueabihf/6 -L/usr/lib/gcc/arm-linux-gnueabihf/6/../../../arm-linux-gnueabihf -L/usr/lib/gcc/arm-linux-gnueabihf/6/../../.. -L/lib/arm-linux-gnueabihf -L/usr/lib/arm-linux-gnueabihf CMakeFiles/cmTC_0db8e.dir/CMakeCCompilerABI.c.o -lgcc --as-needed -lgcc_s --no-as-needed -lc -lgcc --as-needed -lgcc_s --no-as-needed /usr/lib/gcc/arm-linux-gnueabihf/6/crtend.o /usr/lib/gcc/arm-linux-gnueabihf/6/../../../arm-linux-gnueabihf/crtn.o]
    arg [/usr/lib/gcc/arm-linux-gnueabihf/6/collect2] ==> ignore
    arg [-plugin] ==> ignore
    arg [/usr/lib/gcc/arm-linux-gnueabihf/6/liblto_plugin.so] ==> ignore
    arg [-plugin-opt=/usr/lib/gcc/arm-linux-gnueabihf/6/lto-wrapper] ==> ignore
    arg [-plugin-opt=-fresolution=/tmp/ccaLhNbP.res] ==> ignore
    arg [-plugin-opt=-pass-through=-lgcc] ==> ignore
    arg [-plugin-opt=-pass-through=-lgcc_s] ==> ignore
    arg [-plugin-opt=-pass-through=-lc] ==> ignore
    arg [-plugin-opt=-pass-through=-lgcc] ==> ignore
    arg [-plugin-opt=-pass-through=-lgcc_s] ==> ignore
    arg [--sysroot=/] ==> ignore
    arg [--build-id] ==> ignore
    arg [--eh-frame-hdr] ==> ignore
    arg [-dynamic-linker] ==> ignore
    arg [/lib/ld-linux-armhf.so.3] ==> ignore
    arg [-X] ==> ignore
    arg [--hash-style=gnu] ==> ignore
    arg [-m] ==> ignore
    arg [armelf_linux_eabi] ==> ignore
    arg [-o] ==> ignore
    arg [cmTC_0db8e] ==> ignore
    arg [/usr/lib/gcc/arm-linux-gnueabihf/6/../../../arm-linux-gnueabihf/crt1.o] ==> ignore
    arg [/usr/lib/gcc/arm-linux-gnueabihf/6/../../../arm-linux-gnueabihf/crti.o] ==> ignore
    arg [/usr/lib/gcc/arm-linux-gnueabihf/6/crtbegin.o] ==> ignore
    arg [-L/usr/lib/gcc/arm-linux-gnueabihf/6] ==> dir [/usr/lib/gcc/arm-linux-gnueabihf/6]
    arg [-L/usr/lib/gcc/arm-linux-gnueabihf/6/../../../arm-linux-gnueabihf] ==> dir [/usr/lib/gcc/arm-linux-gnueabihf/6/../../../arm-linux-gnueabihf]
    arg [-L/usr/lib/gcc/arm-linux-gnueabihf/6/../../..] ==> dir [/usr/lib/gcc/arm-linux-gnueabihf/6/../../..]
    arg [-L/lib/arm-linux-gnueabihf] ==> dir [/lib/arm-linux-gnueabihf]
    arg [-L/usr/lib/arm-linux-gnueabihf] ==> dir [/usr/lib/arm-linux-gnueabihf]
    arg [CMakeFiles/cmTC_0db8e.dir/CMakeCCompilerABI.c.o] ==> ignore
    arg [-lgcc] ==> lib [gcc]
    arg [--as-needed] ==> ignore
    arg [-lgcc_s] ==> lib [gcc_s]
    arg [--no-as-needed] ==> ignore
    arg [-lc] ==> lib [c]
    arg [-lgcc] ==> lib [gcc]
    arg [--as-needed] ==> ignore
    arg [-lgcc_s] ==> lib [gcc_s]
    arg [--no-as-needed] ==> ignore
    arg [/usr/lib/gcc/arm-linux-gnueabihf/6/crtend.o] ==> ignore
    arg [/usr/lib/gcc/arm-linux-gnueabihf/6/../../../arm-linux-gnueabihf/crtn.o] ==> ignore
  remove lib [gcc]
  remove lib [gcc_s]
  remove lib [gcc]
  remove lib [gcc_s]
  collapse library dir [/usr/lib/gcc/arm-linux-gnueabihf/6] ==> [/usr/lib/gcc/arm-linux-gnueabihf/6]
  collapse library dir [/usr/lib/gcc/arm-linux-gnueabihf/6/../../../arm-linux-gnueabihf] ==> [/usr/lib/arm-linux-gnueabihf]
  collapse library dir [/usr/lib/gcc/arm-linux-gnueabihf/6/../../..] ==> [/usr/lib]
  collapse library dir [/lib/arm-linux-gnueabihf] ==> [/lib/arm-linux-gnueabihf]
  collapse library dir [/usr/lib/arm-linux-gnueabihf] ==> [/usr/lib/arm-linux-gnueabihf]
  implicit libs: [c]
  implicit dirs: [/usr/lib/gcc/arm-linux-gnueabihf/6;/usr/lib/arm-linux-gnueabihf;/usr/lib;/lib/arm-linux-gnueabihf]
  implicit fwks: []




Detecting C [-std=c11] compiler features compiled with the following output:
Change Dir: /home/pi/Desktop/opencv/build/CMakeFiles/CMakeTmp

Run Build Command:"/usr/bin/make" "cmTC_f5f4b/fast"
/usr/bin/make -f CMakeFiles/cmTC_f5f4b.dir/build.make CMakeFiles/cmTC_f5f4b.dir/build
make[1]: Entering directory '/home/pi/Desktop/opencv/build/CMakeFiles/CMakeTmp'
Building C object CMakeFiles/cmTC_f5f4b.dir/feature_tests.c.o
/usr/bin/cc    -fPIE   -std=c11 -o CMakeFiles/cmTC_f5f4b.dir/feature_tests.c.o   -c /home/pi/Desktop/opencv/build/CMakeFiles/feature_tests.c
Linking C executable cmTC_f5f4b
/usr/bin/cmake -E cmake_link_script CMakeFiles/cmTC_f5f4b.dir/link.txt --verbose=1
/usr/bin/cc       CMakeFiles/cmTC_f5f4b.dir/feature_tests.c.o  -o cmTC_f5f4b 
make[1]: Leaving directory '/home/pi/Desktop/opencv/build/CMakeFiles/CMakeTmp'


    Feature record: C_FEATURE:1c_function_prototypes
    Feature record: C_FEATURE:1c_restrict
    Feature record: C_FEATURE:1c_static_assert
    Feature record: C_FEATURE:1c_variadic_macros


Detecting C [-std=c99] compiler features compiled with the following output:
Change Dir: /home/pi/Desktop/opencv/build/CMakeFiles/CMakeTmp

Run Build Command:"/usr/bin/make" "cmTC_17a38/fast"
/usr/bin/make -f CMakeFiles/cmTC_17a38.dir/build.make CMakeFiles/cmTC_17a38.dir/build
make[1]: Entering directory '/home/pi/Desktop/opencv/build/CMakeFiles/CMakeTmp'
Building C object CMakeFiles/cmTC_17a38.dir/feature_tests.c.o
/usr/bin/cc    -fPIE   -std=c99 -o CMakeFiles/cmTC_17a38.dir/feature_tests.c.o   -c /home/pi/Desktop/opencv/build/CMakeFiles/feature_tests.c
Linking C executable cmTC_17a38
/usr/bin/cmake -E cmake_link_script CMakeFiles/cmTC_17a38.dir/link.txt --verbose=1
/usr/bin/cc       CMakeFiles/cmTC_17a38.dir/feature_tests.c.o  -o cmTC_17a38 
make[1]: Leaving directory '/home/pi/Desktop/opencv/build/CMakeFiles/CMakeTmp'


    Feature record: C_FEATURE:1c_function_prototypes
    Feature record: C_FEATURE:1c_restrict
    Feature record: C_FEATURE:0c_static_assert
    Feature record: C_FEATURE:1c_variadic_macros


Detecting C [-std=c90] compiler features compiled with the following output:
Change Dir: /home/pi/Desktop/opencv/build/CMakeFiles/CMakeTmp

Run Build Command:"/usr/bin/make" "cmTC_3948e/fast"
/usr/bin/make -f CMakeFiles/cmTC_3948e.dir/build.make CMakeFiles/cmTC_3948e.dir/build
make[1]: Entering directory '/home/pi/Desktop/opencv/build/CMakeFiles/CMakeTmp'
Building C object CMakeFiles/cmTC_3948e.dir/feature_tests.c.o
/usr/bin/cc    -fPIE   -std=c90 -o CMakeFiles/cmTC_3948e.dir/feature_tests.c.o   -c /home/pi/Desktop/opencv/build/CMakeFiles/feature_tests.c
Linking C executable cmTC_3948e
/usr/bin/cmake -E cmake_link_script CMakeFiles/cmTC_3948e.dir/link.txt --verbose=1
/usr/bin/cc       CMakeFiles/cmTC_3948e.dir/feature_tests.c.o  -o cmTC_3948e 
make[1]: Leaving directory '/home/pi/Desktop/opencv/build/CMakeFiles/CMakeTmp'


    Feature record: C_FEATURE:1c_function_prototypes
    Feature record: C_FEATURE:0c_restrict
    Feature record: C_FEATURE:0c_static_assert
    Feature record: C_FEATURE:0c_variadic_macros
Determining if the include file pthread.h exists passed with the following output:
Change Dir: /home/pi/Desktop/opencv/build/CMakeFiles/CMakeTmp

Run Build Command:"/usr/bin/make" "cmTC_1ff1a/fast"
/usr/bin/make -f CMakeFiles/cmTC_1ff1a.dir/build.make CMakeFiles/cmTC_1ff1a.dir/build
make[1]: Entering directory '/home/pi/Desktop/opencv/build/CMakeFiles/CMakeTmp'
Building C object CMakeFiles/cmTC_1ff1a.dir/CheckIncludeFile.c.o
/usr/bin/cc    -fsigned-char -W -Wall -Werror=return-type -Werror=non-virtual-dtor -Werror=address -Werror=sequence-point -Wformat -Werror=format-security -Wmissing-declarations -Wmissing-prototypes -Wstrict-prototypes -Wundef -Winit-self -Wpointer-arith -Wshadow -Wuninitialized -Winit-self -Wno-narrowing -Wno-comment -fdiagnostics-show-option -pthread -fomit-frame-pointer -ffunction-sections -fdata-sections  -mfp16-format=ieee -fvisibility=hidden  -O3 -DNDEBUG -fPIE   -o CMakeFiles/cmTC_1ff1a.dir/CheckIncludeFile.c.o   -c /home/pi/Desktop/opencv/build/CMakeFiles/CMakeTmp/CheckIncludeFile.c
Linking C executable cmTC_1ff1a
/usr/bin/cmake -E cmake_link_script CMakeFiles/cmTC_1ff1a.dir/link.txt --verbose=1
/usr/bin/cc     -fsigned-char -W -Wall -Werror=return-type -Werror=non-virtual-dtor -Werror=address -Werror=sequence-point -Wformat -Werror=format-security -Wmissing-declarations -Wmissing-prototypes -Wstrict-prototypes -Wundef -Winit-self -Wpointer-arith -Wshadow -Wuninitialized -Winit-self -Wno-narrowing -Wno-comment -fdiagnostics-show-option -pthread -fomit-frame-pointer -ffunction-sections -fdata-sections  -mfp16-format=ieee -fvisibility=hidden  -O3 -DNDEBUG    -Wl,--gc-sections  CMakeFiles/cmTC_1ff1a.dir/CheckIncludeFile.c.o  -o cmTC_1ff1a 
make[1]: Leaving directory '/home/pi/Desktop/opencv/build/CMakeFiles/CMakeTmp'


Determining if the posix_memalign exist passed with the following output:
Change Dir: /home/pi/Desktop/opencv/build/CMakeFiles/CMakeTmp

Run Build Command:"/usr/bin/make" "cmTC_c0eb4/fast"
/usr/bin/make -f CMakeFiles/cmTC_c0eb4.dir/build.make CMakeFiles/cmTC_c0eb4.dir/build
make[1]: Entering directory '/home/pi/Desktop/opencv/build/CMakeFiles/CMakeTmp'
Building C object CMakeFiles/cmTC_c0eb4.dir/CheckSymbolExists.c.o
/usr/bin/cc    -fsigned-char -W -Wall -Werror=return-type -Werror=non-virtual-dtor -Werror=address -Werror=sequence-point -Wformat -Werror=format-security -Wmissing-declarations -Wmissing-prototypes -Wstrict-prototypes -Wundef -Winit-self -Wpointer-arith -Wshadow -Wuninitialized -Winit-self -Wno-narrowing -Wno-comment -fdiagnostics-show-option -pthread -fomit-frame-pointer -ffunction-sections -fdata-sections  -mfp16-format=ieee -fvisibility=hidden  -O3 -DNDEBUG -fPIE   -o CMakeFiles/cmTC_c0eb4.dir/CheckSymbolExists.c.o   -c /home/pi/Desktop/opencv/build/CMakeFiles/CMakeTmp/CheckSymbolExists.c
Linking C executable cmTC_c0eb4
/usr/bin/cmake -E cmake_link_script CMakeFiles/cmTC_c0eb4.dir/link.txt --verbose=1
/usr/bin/cc     -fsigned-char -W -Wall -Werror=return-type -Werror=non-virtual-dtor -Werror=address -Werror=sequence-point -Wformat -Werror=format-security -Wmissing-declarations -Wmissing-prototypes -Wstrict-prototypes -Wundef -Winit-self -Wpointer-arith -Wshadow -Wuninitialized -Winit-self -Wno-narrowing -Wno-comment -fdiagnostics-show-option -pthread -fomit-frame-pointer -ffunction-sections -fdata-sections  -mfp16-format=ieee -fvisibility=hidden  -O3 -DNDEBUG    -Wl,--gc-sections  CMakeFiles/cmTC_c0eb4.dir/CheckSymbolExists.c.o  -o cmTC_c0eb4 
make[1]: Leaving directory '/home/pi/Desktop/opencv/build/CMakeFiles/CMakeTmp'

File /home/pi/Desktop/opencv/build/CMakeFiles/CMakeTmp/CheckSymbolExists.c:
/* */
#include <stdlib.h>

int main(int argc, char** argv)
{
  (void)argv;
#ifndef posix_memalign
  return ((int*)(&posix_memalign))[argc];
#else
  (void)argc;
  return 0;
#endif
}

Determining if the include file malloc.h exists passed with the following output:
Change Dir: /home/pi/Desktop/opencv/build/CMakeFiles/CMakeTmp

Run Build Command:"/usr/bin/make" "cmTC_92c62/fast"
/usr/bin/make -f CMakeFiles/cmTC_92c62.dir/build.make CMakeFiles/cmTC_92c62.dir/build
make[1]: Entering directory '/home/pi/Desktop/opencv/build/CMakeFiles/CMakeTmp'
Building C object CMakeFiles/cmTC_92c62.dir/CheckIncludeFile.c.o
/usr/bin/cc    -fsigned-char -W -Wall -Werror=return-type -Werror=non-virtual-dtor -Werror=address -Werror=sequence-point -Wformat -Werror=format-security -Wmissing-declarations -Wmissing-prototypes -Wstrict-prototypes -Wundef -Winit-self -Wpointer-arith -Wshadow -Wuninitialized -Winit-self -Wno-narrowing -Wno-comment -fdiagnostics-show-option -pthread -fomit-frame-pointer -ffunction-sections -fdata-sections  -mfp16-format=ieee -fvisibility=hidden  -O3 -DNDEBUG -fPIE   -o CMakeFiles/cmTC_92c62.dir/CheckIncludeFile.c.o   -c /home/pi/Desktop/opencv/build/CMakeFiles/CMakeTmp/CheckIncludeFile.c
Linking C executable cmTC_92c62
/usr/bin/cmake -E cmake_link_script CMakeFiles/cmTC_92c62.dir/link.txt --verbose=1
/usr/bin/cc     -fsigned-char -W -Wall -Werror=return-type -Werror=non-virtual-dtor -Werror=address -Werror=sequence-point -Wformat -Werror=format-security -Wmissing-declarations -Wmissing-prototypes -Wstrict-prototypes -Wundef -Winit-self -Wpointer-arith -Wshadow -Wuninitialized -Winit-self -Wno-narrowing -Wno-comment -fdiagnostics-show-option -pthread -fomit-frame-pointer -ffunction-sections -fdata-sections  -mfp16-format=ieee -fvisibility=hidden  -O3 -DNDEBUG    -Wl,--gc-sections  CMakeFiles/cmTC_92c62.dir/CheckIncludeFile.c.o  -o cmTC_92c62 
make[1]: Leaving directory '/home/pi/Desktop/opencv/build/CMakeFiles/CMakeTmp'


Determining if the memalign exist passed with the following output:
Change Dir: /home/pi/Desktop/opencv/build/CMakeFiles/CMakeTmp

Run Build Command:"/usr/bin/make" "cmTC_02955/fast"
/usr/bin/make -f CMakeFiles/cmTC_02955.dir/build.make CMakeFiles/cmTC_02955.dir/build
make[1]: Entering directory '/home/pi/Desktop/opencv/build/CMakeFiles/CMakeTmp'
Building C object CMakeFiles/cmTC_02955.dir/CheckSymbolExists.c.o
/usr/bin/cc    -fsigned-char -W -Wall -Werror=return-type -Werror=non-virtual-dtor -Werror=address -Werror=sequence-point -Wformat -Werror=format-security -Wmissing-declarations -Wmissing-prototypes -Wstrict-prototypes -Wundef -Winit-self -Wpointer-arith -Wshadow -Wuninitialized -Winit-self -Wno-narrowing -Wno-comment -fdiagnostics-show-option -pthread -fomit-frame-pointer -ffunction-sections -fdata-sections  -mfp16-format=ieee -fvisibility=hidden  -O3 -DNDEBUG -fPIE   -o CMakeFiles/cmTC_02955.dir/CheckSymbolExists.c.o   -c /home/pi/Desktop/opencv/build/CMakeFiles/CMakeTmp/CheckSymbolExists.c
Linking C executable cmTC_02955
/usr/bin/cmake -E cmake_link_script CMakeFiles/cmTC_02955.dir/link.txt --verbose=1
/usr/bin/cc     -fsigned-char -W -Wall -Werror=return-type -Werror=non-virtual-dtor -Werror=address -Werror=sequence-point -Wformat -Werror=format-security -Wmissing-declarations -Wmissing-prototypes -Wstrict-prototypes -Wundef -Winit-self -Wpointer-arith -Wshadow -Wuninitialized -Winit-self -Wno-narrowing -Wno-comment -fdiagnostics-show-option -pthread -fomit-frame-pointer -ffunction-sections -fdata-sections  -mfp16-format=ieee -fvisibility=hidden  -O3 -DNDEBUG    -Wl,--gc-sections  CMakeFiles/cmTC_02955.dir/CheckSymbolExists.c.o  -o cmTC_02955 
make[1]: Leaving directory '/home/pi/Desktop/opencv/build/CMakeFiles/CMakeTmp'

File /home/pi/Desktop/opencv/build/CMakeFiles/CMakeTmp/CheckSymbolExists.c:
/* */
#include <malloc.h>

int main(int argc, char** argv)
{
  (void)argv;
#ifndef memalign
  return ((int*)(&memalign))[argc];
#else
  (void)argc;
  return 0;
#endif
}

Determining if the include file sys/types.h exists passed with the following output:
Change Dir: /home/pi/Desktop/opencv/build/CMakeFiles/CMakeTmp

Run Build Command:"/usr/bin/make" "cmTC_5c591/fast"
/usr/bin/make -f CMakeFiles/cmTC_5c591.dir/build.make CMakeFiles/cmTC_5c591.dir/build
make[1]: Entering directory '/home/pi/Desktop/opencv/build/CMakeFiles/CMakeTmp'
Building C object CMakeFiles/cmTC_5c591.dir/CheckIncludeFile.c.o
/usr/bin/cc    -fsigned-char -W -Wall -Werror=return-type -Werror=non-virtual-dtor -Werror=address -Werror=sequence-point -Wformat -Werror=format-security -Wmissing-declarations -Wmissing-prototypes -Wstrict-prototypes -Wundef -Winit-self -Wpointer-arith -Wshadow -Wuninitialized -Winit-self -Wno-narrowing -Wno-comment -fdiagnostics-show-option -pthread -fomit-frame-pointer -ffunction-sections -fdata-sections  -mfp16-format=ieee -fvisibility=hidden  -O3 -DNDEBUG -fPIE   -o CMakeFiles/cmTC_5c591.dir/CheckIncludeFile.c.o   -c /home/pi/Desktop/opencv/build/CMakeFiles/CMakeTmp/CheckIncludeFile.c
Linking C executable cmTC_5c591
/usr/bin/cmake -E cmake_link_script CMakeFiles/cmTC_5c591.dir/link.txt --verbose=1
/usr/bin/cc     -fsigned-char -W -Wall -Werror=return-type -Werror=non-virtual-dtor -Werror=address -Werror=sequence-point -Wformat -Werror=format-security -Wmissing-declarations -Wmissing-prototypes -Wstrict-prototypes -Wundef -Winit-self -Wpointer-arith -Wshadow -Wuninitialized -Winit-self -Wno-narrowing -Wno-comment -fdiagnostics-show-option -pthread -fomit-frame-pointer -ffunction-sections -fdata-sections  -mfp16-format=ieee -fvisibility=hidden  -O3 -DNDEBUG    -Wl,--gc-sections  CMakeFiles/cmTC_5c591.dir/CheckIncludeFile.c.o  -o cmTC_5c591 
make[1]: Leaving directory '/home/pi/Desktop/opencv/build/CMakeFiles/CMakeTmp'


Determining if the include file stdint.h exists passed with the following output:
Change Dir: /home/pi/Desktop/opencv/build/CMakeFiles/CMakeTmp

Run Build Command:"/usr/bin/make" "cmTC_3e174/fast"
/usr/bin/make -f CMakeFiles/cmTC_3e174.dir/build.make CMakeFiles/cmTC_3e174.dir/build
make[1]: Entering directory '/home/pi/Desktop/opencv/build/CMakeFiles/CMakeTmp'
Building C object CMakeFiles/cmTC_3e174.dir/CheckIncludeFile.c.o
/usr/bin/cc    -fsigned-char -W -Wall -Werror=return-type -Werror=non-virtual-dtor -Werror=address -Werror=sequence-point -Wformat -Werror=format-security -Wmissing-declarations -Wmissing-prototypes -Wstrict-prototypes -Wundef -Winit-self -Wpointer-arith -Wshadow -Wuninitialized -Winit-self -Wno-narrowing -Wno-comment -fdiagnostics-show-option -pthread -fomit-frame-pointer -ffunction-sections -fdata-sections  -mfp16-format=ieee -fvisibility=hidden  -O3 -DNDEBUG -fPIE   -o CMakeFiles/cmTC_3e174.dir/CheckIncludeFile.c.o   -c /home/pi/Desktop/opencv/build/CMakeFiles/CMakeTmp/CheckIncludeFile.c
Linking C executable cmTC_3e174
/usr/bin/cmake -E cmake_link_script CMakeFiles/cmTC_3e174.dir/link.txt --verbose=1
/usr/bin/cc     -fsigned-char -W -Wall -Werror=return-type -Werror=non-virtual-dtor -Werror=address -Werror=sequence-point -Wformat -Werror=format-security -Wmissing-declarations -Wmissing-prototypes -Wstrict-prototypes -Wundef -Winit-self -Wpointer-arith -Wshadow -Wuninitialized -Winit-self -Wno-narrowing -Wno-comment -fdiagnostics-show-option -pthread -fomit-frame-pointer -ffunction-sections -fdata-sections  -mfp16-format=ieee -fvisibility=hidden  -O3 -DNDEBUG    -Wl,--gc-sections  CMakeFiles/cmTC_3e174.dir/CheckIncludeFile.c.o  -o cmTC_3e174 
make[1]: Leaving directory '/home/pi/Desktop/opencv/build/CMakeFiles/CMakeTmp'


Determining if the include file stddef.h exists passed with the following output:
Change Dir: /home/pi/Desktop/opencv/build/CMakeFiles/CMakeTmp

Run Build Command:"/usr/bin/make" "cmTC_e9353/fast"
/usr/bin/make -f CMakeFiles/cmTC_e9353.dir/build.make CMakeFiles/cmTC_e9353.dir/build
make[1]: Entering directory '/home/pi/Desktop/opencv/build/CMakeFiles/CMakeTmp'
Building C object CMakeFiles/cmTC_e9353.dir/CheckIncludeFile.c.o
/usr/bin/cc    -fsigned-char -W -Wall -Werror=return-type -Werror=non-virtual-dtor -Werror=address -Werror=sequence-point -Wformat -Werror=format-security -Wmissing-declarations -Wmissing-prototypes -Wstrict-prototypes -Wundef -Winit-self -Wpointer-arith -Wshadow -Wuninitialized -Winit-self -Wno-narrowing -Wno-comment -fdiagnostics-show-option -pthread -fomit-frame-pointer -ffunction-sections -fdata-sections  -mfp16-format=ieee -fvisibility=hidden  -O3 -DNDEBUG -fPIE   -o CMakeFiles/cmTC_e9353.dir/CheckIncludeFile.c.o   -c /home/pi/Desktop/opencv/build/CMakeFiles/CMakeTmp/CheckIncludeFile.c
Linking C executable cmTC_e9353
/usr/bin/cmake -E cmake_link_script CMakeFiles/cmTC_e9353.dir/link.txt --verbose=1
/usr/bin/cc     -fsigned-char -W -Wall -Werror=return-type -Werror=non-virtual-dtor -Werror=address -Werror=sequence-point -Wformat -Werror=format-security -Wmissing-declarations -Wmissing-prototypes -Wstrict-prototypes -Wundef -Winit-self -Wpointer-arith -Wshadow -Wuninitialized -Winit-self -Wno-narrowing -Wno-comment -fdiagnostics-show-option -pthread -fomit-frame-pointer -ffunction-sections -fdata-sections  -mfp16-format=ieee -fvisibility=hidden  -O3 -DNDEBUG    -Wl,--gc-sections  CMakeFiles/cmTC_e9353.dir/CheckIncludeFile.c.o  -o cmTC_e9353 
make[1]: Leaving directory '/home/pi/Desktop/opencv/build/CMakeFiles/CMakeTmp'


Determining size of unsigned short passed with the following output:
Change Dir: /home/pi/Desktop/opencv/build/CMakeFiles/CMakeTmp

Run Build Command:"/usr/bin/make" "cmTC_ae4bc/fast"
/usr/bin/make -f CMakeFiles/cmTC_ae4bc.dir/build.make CMakeFiles/cmTC_ae4bc.dir/build
make[1]: Entering directory '/home/pi/Desktop/opencv/build/CMakeFiles/CMakeTmp'
Building C object CMakeFiles/cmTC_ae4bc.dir/CMAKE_SIZEOF_UNSIGNED_SHORT.c.o
/usr/bin/cc    -fsigned-char -W -Wall -Werror=return-type -Werror=non-virtual-dtor -Werror=address -Werror=sequence-point -Wformat -Werror=format-security -Wmissing-declarations -Wmissing-prototypes -Wstrict-prototypes -Wundef -Winit-self -Wpointer-arith -Wshadow -Wuninitialized -Winit-self -Wno-narrowing -Wno-comment -fdiagnostics-show-option -pthread -fomit-frame-pointer -ffunction-sections -fdata-sections  -mfp16-format=ieee -fvisibility=hidden  -O3 -DNDEBUG -fPIE   -o CMakeFiles/cmTC_ae4bc.dir/CMAKE_SIZEOF_UNSIGNED_SHORT.c.o   -c /home/pi/Desktop/opencv/build/CMakeFiles/CheckTypeSize/CMAKE_SIZEOF_UNSIGNED_SHORT.c
Linking C executable cmTC_ae4bc
/usr/bin/cmake -E cmake_link_script CMakeFiles/cmTC_ae4bc.dir/link.txt --verbose=1
/usr/bin/cc     -fsigned-char -W -Wall -Werror=return-type -Werror=non-virtual-dtor -Werror=address -Werror=sequence-point -Wformat -Werror=format-security -Wmissing-declarations -Wmissing-prototypes -Wstrict-prototypes -Wundef -Winit-self -Wpointer-arith -Wshadow -Wuninitialized -Winit-self -Wno-narrowing -Wno-comment -fdiagnostics-show-option -pthread -fomit-frame-pointer -ffunction-sections -fdata-sections  -mfp16-format=ieee -fvisibility=hidden  -O3 -DNDEBUG    -Wl,--gc-sections  CMakeFiles/cmTC_ae4bc.dir/CMAKE_SIZEOF_UNSIGNED_SHORT.c.o  -o cmTC_ae4bc 
make[1]: Leaving directory '/home/pi/Desktop/opencv/build/CMakeFiles/CMakeTmp'


Determining if the system is big endian passed with the following output:
Change Dir: /home/pi/Desktop/opencv/build/CMakeFiles/CMakeTmp

Run Build Command:"/usr/bin/make" "cmTC_8665a/fast"
/usr/bin/make -f CMakeFiles/cmTC_8665a.dir/build.make CMakeFiles/cmTC_8665a.dir/build
make[1]: Entering directory '/home/pi/Desktop/opencv/build/CMakeFiles/CMakeTmp'
Building C object CMakeFiles/cmTC_8665a.dir/TestEndianess.c.o
/usr/bin/cc    -fsigned-char -W -Wall -Werror=return-type -Werror=non-virtual-dtor -Werror=address -Werror=sequence-point -Wformat -Werror=format-security -Wmissing-declarations -Wmissing-prototypes -Wstrict-prototypes -Wundef -Winit-self -Wpointer-arith -Wshadow -Wuninitialized -Winit-self -Wno-narrowing -Wno-comment -fdiagnostics-show-option -pthread -fomit-frame-pointer -ffunction-sections -fdata-sections  -mfp16-format=ieee -fvisibility=hidden  -O3 -DNDEBUG -fPIE   -o CMakeFiles/cmTC_8665a.dir/TestEndianess.c.o   -c /home/pi/Desktop/opencv/build/CMakeFiles/CMakeTmp/TestEndianess.c
Linking C executable cmTC_8665a
/usr/bin/cmake -E cmake_link_script CMakeFiles/cmTC_8665a.dir/link.txt --verbose=1
/usr/bin/cc     -fsigned-char -W -Wall -Werror=return-type -Werror=non-virtual-dtor -Werror=address -Werror=sequence-point -Wformat -Werror=format-security -Wmissing-declarations -Wmissing-prototypes -Wstrict-prototypes -Wundef -Winit-self -Wpointer-arith -Wshadow -Wuninitialized -Winit-self -Wno-narrowing -Wno-comment -fdiagnostics-show-option -pthread -fomit-frame-pointer -ffunction-sections -fdata-sections  -mfp16-format=ieee -fvisibility=hidden  -O3 -DNDEBUG    -Wl,--gc-sections  CMakeFiles/cmTC_8665a.dir/TestEndianess.c.o  -o cmTC_8665a 
make[1]: Leaving directory '/home/pi/Desktop/opencv/build/CMakeFiles/CMakeTmp'

TestEndianess.c:
/* A 16 bit integer is required. */
typedef unsigned short cmakeint16;

/* On a little endian machine, these 16bit ints will give "THIS IS LITTLE ENDIAN."
   On a big endian machine the characters will be exchanged pairwise. */
const cmakeint16 info_little[] =  {0x4854, 0x5349, 0x4920, 0x2053, 0x494c, 0x5454, 0x454c, 0x4520, 0x444e, 0x4149, 0x2e4e, 0x0000};

/* on a big endian machine, these 16bit ints will give "THIS IS BIG ENDIAN."
   On a little endian machine the characters will be exchanged pairwise. */
const cmakeint16 info_big[] =     {0x5448, 0x4953, 0x2049, 0x5320, 0x4249, 0x4720, 0x454e, 0x4449, 0x414e, 0x2e2e, 0x0000};

#ifdef __CLASSIC_C__
int main(argc, argv) int argc; char *argv[];
#else
int main(int argc, char *argv[])
#endif
{
  int require = 0;
  require += info_little[argc];
  require += info_big[argc];
  (void)argv;
  return require;
}


Determining if the include file /usr/include/libpng/png.h exists passed with the following output:
Change Dir: /home/pi/Desktop/opencv/build/CMakeFiles/CMakeTmp

Run Build Command:"/usr/bin/make" "cmTC_f3313/fast"
/usr/bin/make -f CMakeFiles/cmTC_f3313.dir/build.make CMakeFiles/cmTC_f3313.dir/build
make[1]: Entering directory '/home/pi/Desktop/opencv/build/CMakeFiles/CMakeTmp'
Building C object CMakeFiles/cmTC_f3313.dir/CheckIncludeFile.c.o
/usr/bin/cc    -fsigned-char -W -Wall -Werror=return-type -Werror=non-virtual-dtor -Werror=address -Werror=sequence-point -Wformat -Werror=format-security -Wmissing-declarations -Wmissing-prototypes -Wstrict-prototypes -Wundef -Winit-self -Wpointer-arith -Wshadow -Wuninitialized -Winit-self -Wno-narrowing -Wno-comment -fdiagnostics-show-option -pthread -fomit-frame-pointer -ffunction-sections -fdata-sections  -mfp16-format=ieee -fvisibility=hidden  -O3 -DNDEBUG -fPIE   -o CMakeFiles/cmTC_f3313.dir/CheckIncludeFile.c.o   -c /home/pi/Desktop/opencv/build/CMakeFiles/CMakeTmp/CheckIncludeFile.c
Linking C executable cmTC_f3313
/usr/bin/cmake -E cmake_link_script CMakeFiles/cmTC_f3313.dir/link.txt --verbose=1
/usr/bin/cc     -fsigned-char -W -Wall -Werror=return-type -Werror=non-virtual-dtor -Werror=address -Werror=sequence-point -Wformat -Werror=format-security -Wmissing-declarations -Wmissing-prototypes -Wstrict-prototypes -Wundef -Winit-self -Wpointer-arith -Wshadow -Wuninitialized -Winit-self -Wno-narrowing -Wno-comment -fdiagnostics-show-option -pthread -fomit-frame-pointer -ffunction-sections -fdata-sections  -mfp16-format=ieee -fvisibility=hidden  -O3 -DNDEBUG    -Wl,--gc-sections  CMakeFiles/cmTC_f3313.dir/CheckIncludeFile.c.o  -o cmTC_f3313 
make[1]: Leaving directory '/home/pi/Desktop/opencv/build/CMakeFiles/CMakeTmp'


Determining if the include file semaphore.h exists passed with the following output:
Change Dir: /home/pi/Desktop/opencv/build/CMakeFiles/CMakeTmp

Run Build Command:"/usr/bin/make" "cmTC_2015d/fast"
/usr/bin/make -f CMakeFiles/cmTC_2015d.dir/build.make CMakeFiles/cmTC_2015d.dir/build
make[1]: Entering directory '/home/pi/Desktop/opencv/build/CMakeFiles/CMakeTmp'
Building C object CMakeFiles/cmTC_2015d.dir/CheckIncludeFile.c.o
/usr/bin/cc    -fsigned-char -W -Wall -Werror=return-type -Werror=non-virtual-dtor -Werror=address -Werror=sequence-point -Wformat -Werror=format-security -Wmissing-declarations -Wmissing-prototypes -Wstrict-prototypes -Wundef -Winit-self -Wpointer-arith -Wshadow -Wuninitialized -Winit-self -Wno-narrowing -Wno-comment -fdiagnostics-show-option -pthread -fomit-frame-pointer -ffunction-sections -fdata-sections  -mfp16-format=ieee -fvisibility=hidden  -O3 -DNDEBUG -fPIE   -o CMakeFiles/cmTC_2015d.dir/CheckIncludeFile.c.o   -c /home/pi/Desktop/opencv/build/CMakeFiles/CMakeTmp/CheckIncludeFile.c
Linking C executable cmTC_2015d
/usr/bin/cmake -E cmake_link_script CMakeFiles/cmTC_2015d.dir/link.txt --verbose=1
/usr/bin/cc     -fsigned-char -W -Wall -Werror=return-type -Werror=non-virtual-dtor -Werror=address -Werror=sequence-point -Wformat -Werror=format-security -Wmissing-declarations -Wmissing-prototypes -Wstrict-prototypes -Wundef -Winit-self -Wpointer-arith -Wshadow -Wuninitialized -Winit-self -Wno-narrowing -Wno-comment -fdiagnostics-show-option -pthread -fomit-frame-pointer -ffunction-sections -fdata-sections  -mfp16-format=ieee -fvisibility=hidden  -O3 -DNDEBUG    -Wl,--gc-sections  CMakeFiles/cmTC_2015d.dir/CheckIncludeFile.c.o  -o cmTC_2015d 
make[1]: Leaving directory '/home/pi/Desktop/opencv/build/CMakeFiles/CMakeTmp'


Determining if the include file linux/videodev2.h exists passed with the following output:
Change Dir: /home/pi/Desktop/opencv/build/CMakeFiles/CMakeTmp

Run Build Command:"/usr/bin/make" "cmTC_88bea/fast"
/usr/bin/make -f CMakeFiles/cmTC_88bea.dir/build.make CMakeFiles/cmTC_88bea.dir/build
make[1]: Entering directory '/home/pi/Desktop/opencv/build/CMakeFiles/CMakeTmp'
Building C object CMakeFiles/cmTC_88bea.dir/CheckIncludeFile.c.o
/usr/bin/cc    -fsigned-char -W -Wall -Werror=return-type -Werror=non-virtual-dtor -Werror=address -Werror=sequence-point -Wformat -Werror=format-security -Wmissing-declarations -Wmissing-prototypes -Wstrict-prototypes -Wundef -Winit-self -Wpointer-arith -Wshadow -Wuninitialized -Winit-self -Wno-narrowing -Wno-comment -fdiagnostics-show-option -pthread -fomit-frame-pointer -ffunction-sections -fdata-sections  -mfp16-format=ieee -fvisibility=hidden  -O3 -DNDEBUG -fPIE   -o CMakeFiles/cmTC_88bea.dir/CheckIncludeFile.c.o   -c /home/pi/Desktop/opencv/build/CMakeFiles/CMakeTmp/CheckIncludeFile.c
Linking C executable cmTC_88bea
/usr/bin/cmake -E cmake_link_script CMakeFiles/cmTC_88bea.dir/link.txt --verbose=1
/usr/bin/cc     -fsigned-char -W -Wall -Werror=return-type -Werror=non-virtual-dtor -Werror=address -Werror=sequence-point -Wformat -Werror=format-security -Wmissing-declarations -Wmissing-prototypes -Wstrict-prototypes -Wundef -Winit-self -Wpointer-arith -Wshadow -Wuninitialized -Winit-self -Wno-narrowing -Wno-comment -fdiagnostics-show-option -pthread -fomit-frame-pointer -ffunction-sections -fdata-sections  -mfp16-format=ieee -fvisibility=hidden  -O3 -DNDEBUG    -Wl,--gc-sections  CMakeFiles/cmTC_88bea.dir/CheckIncludeFile.c.o  -o cmTC_88bea 
make[1]: Leaving directory '/home/pi/Desktop/opencv/build/CMakeFiles/CMakeTmp'


Determining if the function dgemm_ exists passed with the following output:
Change Dir: /home/pi/Desktop/opencv/build/CMakeFiles/CMakeTmp

Run Build Command:"/usr/bin/make" "cmTC_7d8b8/fast"
/usr/bin/make -f CMakeFiles/cmTC_7d8b8.dir/build.make CMakeFiles/cmTC_7d8b8.dir/build
make[1]: Entering directory '/home/pi/Desktop/opencv/build/CMakeFiles/CMakeTmp'
Building C object CMakeFiles/cmTC_7d8b8.dir/CheckFunctionExists.c.o
/usr/bin/cc    -fsigned-char -W -Wall -Werror=return-type -Werror=non-virtual-dtor -Werror=address -Werror=sequence-point -Wformat -Werror=format-security -Wmissing-declarations -Wmissing-prototypes -Wstrict-prototypes -Wundef -Winit-self -Wpointer-arith -Wshadow -Wuninitialized -Winit-self -Wno-narrowing -Wno-comment -fdiagnostics-show-option -pthread -fomit-frame-pointer -ffunction-sections -fdata-sections  -mfp16-format=ieee -fvisibility=hidden -DCHECK_FUNCTION_EXISTS=dgemm_ -O3 -DNDEBUG -fPIE   -o CMakeFiles/cmTC_7d8b8.dir/CheckFunctionExists.c.o   -c /usr/share/cmake-3.7/Modules/CheckFunctionExists.c
/usr/share/cmake-3.7/Modules/CheckFunctionExists.c:7:3: warning: function declaration isnt a prototype [-Wstrict-prototypes]
   CHECK_FUNCTION_EXISTS();
   ^~~~~~~~~~~~~~~~~~~~~
Linking C executable cmTC_7d8b8
/usr/bin/cmake -E cmake_link_script CMakeFiles/cmTC_7d8b8.dir/link.txt --verbose=1
/usr/bin/cc     -fsigned-char -W -Wall -Werror=return-type -Werror=non-virtual-dtor -Werror=address -Werror=sequence-point -Wformat -Werror=format-security -Wmissing-declarations -Wmissing-prototypes -Wstrict-prototypes -Wundef -Winit-self -Wpointer-arith -Wshadow -Wuninitialized -Winit-self -Wno-narrowing -Wno-comment -fdiagnostics-show-option -pthread -fomit-frame-pointer -ffunction-sections -fdata-sections  -mfp16-format=ieee -fvisibility=hidden -DCHECK_FUNCTION_EXISTS=dgemm_ -O3 -DNDEBUG    -Wl,--gc-sections  CMakeFiles/cmTC_7d8b8.dir/CheckFunctionExists.c.o  -o cmTC_7d8b8 /usr/lib/libf77blas.so /usr/lib/libatlas.so 
make[1]: Leaving directory '/home/pi/Desktop/opencv/build/CMakeFiles/CMakeTmp'


Determining if the include file pthread.h exists passed with the following output:
Change Dir: /home/pi/Desktop/opencv/build/CMakeFiles/CMakeTmp

Run Build Command:"/usr/bin/make" "cmTC_35a89/fast"
/usr/bin/make -f CMakeFiles/cmTC_35a89.dir/build.make CMakeFiles/cmTC_35a89.dir/build
make[1]: Entering directory '/home/pi/Desktop/opencv/build/CMakeFiles/CMakeTmp'
Building C object CMakeFiles/cmTC_35a89.dir/CheckIncludeFile.c.o
/usr/bin/cc    -fsigned-char -W -Wall -Werror=return-type -Werror=non-virtual-dtor -Werror=address -Werror=sequence-point -Wformat -Werror=format-security -Wmissing-declarations -Wmissing-prototypes -Wstrict-prototypes -Wundef -Winit-self -Wpointer-arith -Wshadow -Wuninitialized -Winit-self -Wno-narrowing -Wno-comment -fdiagnostics-show-option -pthread -fomit-frame-pointer -ffunction-sections -fdata-sections  -mfp16-format=ieee -fvisibility=hidden  -O3 -DNDEBUG -fPIE   -o CMakeFiles/cmTC_35a89.dir/CheckIncludeFile.c.o   -c /home/pi/Desktop/opencv/build/CMakeFiles/CMakeTmp/CheckIncludeFile.c
Linking C executable cmTC_35a89
/usr/bin/cmake -E cmake_link_script CMakeFiles/cmTC_35a89.dir/link.txt --verbose=1
/usr/bin/cc     -fsigned-char -W -Wall -Werror=return-type -Werror=non-virtual-dtor -Werror=address -Werror=sequence-point -Wformat -Werror=format-security -Wmissing-declarations -Wmissing-prototypes -Wstrict-prototypes -Wundef -Winit-self -Wpointer-arith -Wshadow -Wuninitialized -Winit-self -Wno-narrowing -Wno-comment -fdiagnostics-show-option -pthread -fomit-frame-pointer -ffunction-sections -fdata-sections  -mfp16-format=ieee -fvisibility=hidden  -O3 -DNDEBUG    -Wl,--gc-sections  CMakeFiles/cmTC_35a89.dir/CheckIncludeFile.c.o  -o cmTC_35a89 
make[1]: Leaving directory '/home/pi/Desktop/opencv/build/CMakeFiles/CMakeTmp'


Determining if the pthread_create exist passed with the following output:
Change Dir: /home/pi/Desktop/opencv/build/CMakeFiles/CMakeTmp

Run Build Command:"/usr/bin/make" "cmTC_e56b0/fast"
/usr/bin/make -f CMakeFiles/cmTC_e56b0.dir/build.make CMakeFiles/cmTC_e56b0.dir/build
make[1]: Entering directory '/home/pi/Desktop/opencv/build/CMakeFiles/CMakeTmp'
Building C object CMakeFiles/cmTC_e56b0.dir/CheckSymbolExists.c.o
/usr/bin/cc    -fsigned-char -W -Wall -Werror=return-type -Werror=non-virtual-dtor -Werror=address -Werror=sequence-point -Wformat -Werror=format-security -Wmissing-declarations -Wmissing-prototypes -Wstrict-prototypes -Wundef -Winit-self -Wpointer-arith -Wshadow -Wuninitialized -Winit-self -Wno-narrowing -Wno-comment -fdiagnostics-show-option -pthread -fomit-frame-pointer -ffunction-sections -fdata-sections  -mfp16-format=ieee -fvisibility=hidden  -O3 -DNDEBUG -fPIE   -o CMakeFiles/cmTC_e56b0.dir/CheckSymbolExists.c.o   -c /home/pi/Desktop/opencv/build/CMakeFiles/CMakeTmp/CheckSymbolExists.c
Linking C executable cmTC_e56b0
/usr/bin/cmake -E cmake_link_script CMakeFiles/cmTC_e56b0.dir/link.txt --verbose=1
/usr/bin/cc     -fsigned-char -W -Wall -Werror=return-type -Werror=non-virtual-dtor -Werror=address -Werror=sequence-point -Wformat -Werror=format-security -Wmissing-declarations -Wmissing-prototypes -Wstrict-prototypes -Wundef -Winit-self -Wpointer-arith -Wshadow -Wuninitialized -Winit-self -Wno-narrowing -Wno-comment -fdiagnostics-show-option -pthread -fomit-frame-pointer -ffunction-sections -fdata-sections  -mfp16-format=ieee -fvisibility=hidden  -O3 -DNDEBUG    -Wl,--gc-sections  CMakeFiles/cmTC_e56b0.dir/CheckSymbolExists.c.o  -o cmTC_e56b0 
make[1]: Leaving directory '/home/pi/Desktop/opencv/build/CMakeFiles/CMakeTmp'

File /home/pi/Desktop/opencv/build/CMakeFiles/CMakeTmp/CheckSymbolExists.c:
/* */
#include <pthread.h>

int main(int argc, char** argv)
{
  (void)argv;
#ifndef pthread_create
  return ((int*)(&pthread_create))[argc];
#else
  (void)argc;
  return 0;
#endif
}

Determining if the function cheev_ exists passed with the following output:
Change Dir: /home/pi/Desktop/opencv/build/CMakeFiles/CMakeTmp

Run Build Command:"/usr/bin/make" "cmTC_cd2a2/fast"
/usr/bin/make -f CMakeFiles/cmTC_cd2a2.dir/build.make CMakeFiles/cmTC_cd2a2.dir/build
make[1]: Entering directory '/home/pi/Desktop/opencv/build/CMakeFiles/CMakeTmp'
Building C object CMakeFiles/cmTC_cd2a2.dir/CheckFunctionExists.c.o
/usr/bin/cc    -fsigned-char -W -Wall -Werror=return-type -Werror=non-virtual-dtor -Werror=address -Werror=sequence-point -Wformat -Werror=format-security -Wmissing-declarations -Wmissing-prototypes -Wstrict-prototypes -Wundef -Winit-self -Wpointer-arith -Wshadow -Wuninitialized -Winit-self -Wno-narrowing -Wno-comment -fdiagnostics-show-option -pthread -fomit-frame-pointer -ffunction-sections -fdata-sections  -mfp16-format=ieee -fvisibility=hidden -DCHECK_FUNCTION_EXISTS=cheev_ -O3 -DNDEBUG -fPIE   -o CMakeFiles/cmTC_cd2a2.dir/CheckFunctionExists.c.o   -c /usr/share/cmake-3.7/Modules/CheckFunctionExists.c
/usr/share/cmake-3.7/Modules/CheckFunctionExists.c:7:3: warning: function declaration isnt a prototype [-Wstrict-prototypes]
   CHECK_FUNCTION_EXISTS();
   ^~~~~~~~~~~~~~~~~~~~~
Linking C executable cmTC_cd2a2
/usr/bin/cmake -E cmake_link_script CMakeFiles/cmTC_cd2a2.dir/link.txt --verbose=1
/usr/bin/cc     -fsigned-char -W -Wall -Werror=return-type -Werror=non-virtual-dtor -Werror=address -Werror=sequence-point -Wformat -Werror=format-security -Wmissing-declarations -Wmissing-prototypes -Wstrict-prototypes -Wundef -Winit-self -Wpointer-arith -Wshadow -Wuninitialized -Winit-self -Wno-narrowing -Wno-comment -fdiagnostics-show-option -pthread -fomit-frame-pointer -ffunction-sections -fdata-sections  -mfp16-format=ieee -fvisibility=hidden -DCHECK_FUNCTION_EXISTS=cheev_ -O3 -DNDEBUG    -Wl,--gc-sections  CMakeFiles/cmTC_cd2a2.dir/CheckFunctionExists.c.o  -o cmTC_cd2a2 /usr/lib/liblapack.so /usr/lib/libf77blas.so /usr/lib/libatlas.so 
make[1]: Leaving directory '/home/pi/Desktop/opencv/build/CMakeFiles/CMakeTmp'


Performing C++ SOURCE FILE Test CXX_HAS_MFPU_NEON succeeded with the following output:
Change Dir: /home/pi/Desktop/opencv/build/CMakeFiles/CMakeTmp

Run Build Command:"/usr/bin/make" "cmTC_4ed5f/fast"
/usr/bin/make -f CMakeFiles/cmTC_4ed5f.dir/build.make CMakeFiles/cmTC_4ed5f.dir/build
make[1]: Entering directory '/home/pi/Desktop/opencv/build/CMakeFiles/CMakeTmp'
Building CXX object CMakeFiles/cmTC_4ed5f.dir/src.cxx.o
/usr/bin/c++     -fsigned-char -W -Wall -Werror=return-type -Werror=non-virtual-dtor -Werror=address -Werror=sequence-point -Wformat -Werror=format-security -Wmissing-declarations -Wundef -Winit-self -Wpointer-arith -Wshadow -Wsign-promo -Wuninitialized -Winit-self -Wno-narrowing -Wno-delete-non-virtual-dtor -Wno-comment -fdiagnostics-show-option -pthread -fomit-frame-pointer -ffunction-sections -fdata-sections  -mfp16-format=ieee -fvisibility=hidden -fvisibility-inlines-hidden -funwind-tables -fweb -fwrapv -frename-registers -fsched2-use-superblocks -fsched2-use-traces -fsched-stalled-insns-dep=100 -fsched-stalled-insns=2 -DCXX_HAS_MFPU_NEON -O3 -DNDEBUG -fPIE   -mfpu=neon -o CMakeFiles/cmTC_4ed5f.dir/src.cxx.o -c /home/pi/Desktop/opencv/build/CMakeFiles/CMakeTmp/src.cxx
Linking CXX executable cmTC_4ed5f
/usr/bin/cmake -E cmake_link_script CMakeFiles/cmTC_4ed5f.dir/link.txt --verbose=1
/usr/bin/c++      -fsigned-char -W -Wall -Werror=return-type -Werror=non-virtual-dtor -Werror=address -Werror=sequence-point -Wformat -Werror=format-security -Wmissing-declarations -Wundef -Winit-self -Wpointer-arith -Wshadow -Wsign-promo -Wuninitialized -Winit-self -Wno-narrowing -Wno-delete-non-virtual-dtor -Wno-comment -fdiagnostics-show-option -pthread -fomit-frame-pointer -ffunction-sections -fdata-sections  -mfp16-format=ieee -fvisibility=hidden -fvisibility-inlines-hidden -funwind-tables -fweb -fwrapv -frename-registers -fsched2-use-superblocks -fsched2-use-traces -fsched-stalled-insns-dep=100 -fsched-stalled-insns=2 -DCXX_HAS_MFPU_NEON -O3 -DNDEBUG    CMakeFiles/cmTC_4ed5f.dir/src.cxx.o  -o cmTC_4ed5f -rdynamic 
make[1]: Leaving directory '/home/pi/Desktop/opencv/build/CMakeFiles/CMakeTmp'

Source file was:
int main() { return 0; }
Performing C SOURCE FILE Test C_HAS_MFPU_NEON succeeded with the following output:
Change Dir: /home/pi/Desktop/opencv/build/CMakeFiles/CMakeTmp

Run Build Command:"/usr/bin/make" "cmTC_03f4f/fast"
/usr/bin/make -f CMakeFiles/cmTC_03f4f.dir/build.make CMakeFiles/cmTC_03f4f.dir/build
make[1]: Entering directory '/home/pi/Desktop/opencv/build/CMakeFiles/CMakeTmp'
Building C object CMakeFiles/cmTC_03f4f.dir/src.c.o
/usr/bin/cc    -fsigned-char -W -Wall -Werror=return-type -Werror=non-virtual-dtor -Werror=address -Werror=sequence-point -Wformat -Werror=format-security -Wmissing-declarations -Wmissing-prototypes -Wstrict-prototypes -Wundef -Winit-self -Wpointer-arith -Wshadow -Wuninitialized -Winit-self -Wno-narrowing -Wno-comment -fdiagnostics-show-option -pthread -fomit-frame-pointer -ffunction-sections -fdata-sections  -mfp16-format=ieee -fvisibility=hidden -funwind-tables -fweb -fwrapv -frename-registers -fsched2-use-superblocks -fsched2-use-traces -fsched-stalled-insns-dep=100 -fsched-stalled-insns=2 -DC_HAS_MFPU_NEON -O3 -DNDEBUG -fPIE   -mfpu=neon -o CMakeFiles/cmTC_03f4f.dir/src.c.o   -c /home/pi/Desktop/opencv/build/CMakeFiles/CMakeTmp/src.c
Linking C executable cmTC_03f4f
/usr/bin/cmake -E cmake_link_script CMakeFiles/cmTC_03f4f.dir/link.txt --verbose=1
/usr/bin/cc     -fsigned-char -W -Wall -Werror=return-type -Werror=non-virtual-dtor -Werror=address -Werror=sequence-point -Wformat -Werror=format-security -Wmissing-declarations -Wmissing-prototypes -Wstrict-prototypes -Wundef -Winit-self -Wpointer-arith -Wshadow -Wuninitialized -Winit-self -Wno-narrowing -Wno-comment -fdiagnostics-show-option -pthread -fomit-frame-pointer -ffunction-sections -fdata-sections  -mfp16-format=ieee -fvisibility=hidden -funwind-tables -fweb -fwrapv -frename-registers -fsched2-use-superblocks -fsched2-use-traces -fsched-stalled-insns-dep=100 -fsched-stalled-insns=2 -DC_HAS_MFPU_NEON -O3 -DNDEBUG    CMakeFiles/cmTC_03f4f.dir/src.c.o  -o cmTC_03f4f -rdynamic 
make[1]: Leaving directory '/home/pi/Desktop/opencv/build/CMakeFiles/CMakeTmp'

Source file was:
int main(void) { return 0; }
